Added Component: Designator=C1(C0805 - rounded)
Add component. Clean all parameters for all variants
Add component (AddParameter): Name = "Part Number"; Value = ""; VariantName = "[No Variations]"
Add component (AddParameter): Name = "Value"; Value = ""; VariantName = "[No Variations]"
Add component (AddParameter): Name = "Vendor"; Value = ""; VariantName = "[No Variations]"
Added Component: Designator=C2(C0805 - rounded)
Add component. Clean all parameters for all variants
Add component (AddParameter): Name = "Part Number"; Value = ""; VariantName = "[No Variations]"
Add component (AddParameter): Name = "Value"; Value = ""; VariantName = "[No Variations]"
Add component (AddParameter): Name = "Vendor"; Value = ""; VariantName = "[No Variations]"
Added Component: Designator=C3(C0805 - rounded)
Add component. Clean all parameters for all variants
Add component (AddParameter): Name = "Part Number"; Value = ""; VariantName = "[No Variations]"
Add component (AddParameter): Name = "Value"; Value = ""; VariantName = "[No Variations]"
Add component (AddParameter): Name = "Vendor"; Value = ""; VariantName = "[No Variations]"
Added Component: Designator=C4(C0805 - rounded)
Add component. Clean all parameters for all variants
Add component (AddParameter): Name = "Part Number"; Value = ""; VariantName = "[No Variations]"
Add component (AddParameter): Name = "Value"; Value = ""; VariantName = "[No Variations]"
Add component (AddParameter): Name = "Vendor"; Value = ""; VariantName = "[No Variations]"
Added Component: Designator=C5(C0805 - rounded)
Add component. Clean all parameters for all variants
Add component (AddParameter): Name = "Part Number"; Value = ""; VariantName = "[No Variations]"
Add component (AddParameter): Name = "Value"; Value = ""; VariantName = "[No Variations]"
Add component (AddParameter): Name = "Vendor"; Value = ""; VariantName = "[No Variations]"
Added Component: Designator=C6(C0805 - rounded)
Add component. Clean all parameters for all variants
Add component (AddParameter): Name = "Part Number"; Value = ""; VariantName = "[No Variations]"
Add component (AddParameter): Name = "Value"; Value = ""; VariantName = "[No Variations]"
Add component (AddParameter): Name = "Vendor"; Value = ""; VariantName = "[No Variations]"
Added Component: Designator=C7(C0805 - rounded)
Add component. Clean all parameters for all variants
Add component (AddParameter): Name = "Part Number"; Value = ""; VariantName = "[No Variations]"
Add component (AddParameter): Name = "Value"; Value = ""; VariantName = "[No Variations]"
Add component (AddParameter): Name = "Vendor"; Value = ""; VariantName = "[No Variations]"
Added Component: Designator=C8(C0805 - rounded)
Add component. Clean all parameters for all variants
Add component (AddParameter): Name = "Part Number"; Value = ""; VariantName = "[No Variations]"
Add component (AddParameter): Name = "Value"; Value = ""; VariantName = "[No Variations]"
Add component (AddParameter): Name = "Vendor"; Value = ""; VariantName = "[No Variations]"
Added Component: Designator=C9(C0805 - rounded)
Add component. Clean all parameters for all variants
Add component (AddParameter): Name = "Part Number"; Value = ""; VariantName = "[No Variations]"
Add component (AddParameter): Name = "Value"; Value = ""; VariantName = "[No Variations]"
Add component (AddParameter): Name = "Vendor"; Value = ""; VariantName = "[No Variations]"
Added Component: Designator=C10(C0805 - rounded)
Add component. Clean all parameters for all variants
Add component (AddParameter): Name = "Part Number"; Value = ""; VariantName = "[No Variations]"
Add component (AddParameter): Name = "Value"; Value = ""; VariantName = "[No Variations]"
Add component (AddParameter): Name = "Vendor"; Value = ""; VariantName = "[No Variations]"
Added Component: Designator=C11(C0805 - rounded)
Add component. Clean all parameters for all variants
Add component (AddParameter): Name = "Part Number"; Value = ""; VariantName = "[No Variations]"
Add component (AddParameter): Name = "Value"; Value = ""; VariantName = "[No Variations]"
Add component (AddParameter): Name = "Vendor"; Value = ""; VariantName = "[No Variations]"
Added Component: Designator=C12(C0805 - rounded)
Add component. Clean all parameters for all variants
Add component (AddParameter): Name = "Part Number"; Value = ""; VariantName = "[No Variations]"
Add component (AddParameter): Name = "Value"; Value = ""; VariantName = "[No Variations]"
Add component (AddParameter): Name = "Vendor"; Value = ""; VariantName = "[No Variations]"
Added Component: Designator=C13(C0805 - rounded)
Add component. Clean all parameters for all variants
Add component (AddParameter): Name = "Part Number"; Value = ""; VariantName = "[No Variations]"
Add component (AddParameter): Name = "Value"; Value = ""; VariantName = "[No Variations]"
Add component (AddParameter): Name = "Vendor"; Value = ""; VariantName = "[No Variations]"
Added Component: Designator=C14(C0805 - rounded)
Add component. Clean all parameters for all variants
Add component (AddParameter): Name = "Part Number"; Value = ""; VariantName = "[No Variations]"
Add component (AddParameter): Name = "Value"; Value = ""; VariantName = "[No Variations]"
Add component (AddParameter): Name = "Vendor"; Value = ""; VariantName = "[No Variations]"
Added Component: Designator=C15(C0805 - rounded)
Add component. Clean all parameters for all variants
Add component (AddParameter): Name = "Part Number"; Value = ""; VariantName = "[No Variations]"
Add component (AddParameter): Name = "Value"; Value = ""; VariantName = "[No Variations]"
Add component (AddParameter): Name = "Vendor"; Value = ""; VariantName = "[No Variations]"
Added Component: Designator=C16(C0805 - rounded)
Add component. Clean all parameters for all variants
Add component (AddParameter): Name = "Part Number"; Value = ""; VariantName = "[No Variations]"
Add component (AddParameter): Name = "Value"; Value = ""; VariantName = "[No Variations]"
Add component (AddParameter): Name = "Vendor"; Value = ""; VariantName = "[No Variations]"
Added Component: Designator=C17(C0805 - rounded)
Add component. Clean all parameters for all variants
Add component (AddParameter): Name = "Part Number"; Value = ""; VariantName = "[No Variations]"
Add component (AddParameter): Name = "Value"; Value = ""; VariantName = "[No Variations]"
Add component (AddParameter): Name = "Vendor"; Value = ""; VariantName = "[No Variations]"
Added Component: Designator=C18(C0805 - rounded)
Add component. Clean all parameters for all variants
Add component (AddParameter): Name = "Part Number"; Value = ""; VariantName = "[No Variations]"
Add component (AddParameter): Name = "Value"; Value = ""; VariantName = "[No Variations]"
Add component (AddParameter): Name = "Vendor"; Value = ""; VariantName = "[No Variations]"
Added Component: Designator=C19(C0805 - rounded)
Add component. Clean all parameters for all variants
Add component (AddParameter): Name = "Part Number"; Value = ""; VariantName = "[No Variations]"
Add component (AddParameter): Name = "Value"; Value = ""; VariantName = "[No Variations]"
Add component (AddParameter): Name = "Vendor"; Value = ""; VariantName = "[No Variations]"
Added Component: Designator=C20(C0805 - rounded)
Add component. Clean all parameters for all variants
Add component (AddParameter): Name = "Part Number"; Value = ""; VariantName = "[No Variations]"
Add component (AddParameter): Name = "Value"; Value = ""; VariantName = "[No Variations]"
Add component (AddParameter): Name = "Vendor"; Value = ""; VariantName = "[No Variations]"
Added Component: Designator=C21(C0805 - rounded)
Add component. Clean all parameters for all variants
Add component (AddParameter): Name = "Part Number"; Value = ""; VariantName = "[No Variations]"
Add component (AddParameter): Name = "Value"; Value = ""; VariantName = "[No Variations]"
Add component (AddParameter): Name = "Vendor"; Value = ""; VariantName = "[No Variations]"
Added Component: Designator=C22(C0805 - rounded)
Add component. Clean all parameters for all variants
Add component (AddParameter): Name = "Part Number"; Value = ""; VariantName = "[No Variations]"
Add component (AddParameter): Name = "Value"; Value = ""; VariantName = "[No Variations]"
Add component (AddParameter): Name = "Vendor"; Value = ""; VariantName = "[No Variations]"
Added Component: Designator=C23(C0805 - rounded)
Add component. Clean all parameters for all variants
Add component (AddParameter): Name = "Part Number"; Value = ""; VariantName = "[No Variations]"
Add component (AddParameter): Name = "Value"; Value = ""; VariantName = "[No Variations]"
Add component (AddParameter): Name = "Vendor"; Value = ""; VariantName = "[No Variations]"
Added Component: Designator=C24(C0805 - rounded)
Add component. Clean all parameters for all variants
Add component (AddParameter): Name = "Part Number"; Value = ""; VariantName = "[No Variations]"
Add component (AddParameter): Name = "Value"; Value = ""; VariantName = "[No Variations]"
Add component (AddParameter): Name = "Vendor"; Value = ""; VariantName = "[No Variations]"
Added Component: Designator=C25(C0805 - rounded)
Add component. Clean all parameters for all variants
Add component (AddParameter): Name = "Part Number"; Value = ""; VariantName = "[No Variations]"
Add component (AddParameter): Name = "Value"; Value = ""; VariantName = "[No Variations]"
Add component (AddParameter): Name = "Vendor"; Value = ""; VariantName = "[No Variations]"
Added Component: Designator=C26(C0805 - rounded)
Add component. Clean all parameters for all variants
Add component (AddParameter): Name = "Part Number"; Value = ""; VariantName = "[No Variations]"
Add component (AddParameter): Name = "Value"; Value = ""; VariantName = "[No Variations]"
Add component (AddParameter): Name = "Vendor"; Value = ""; VariantName = "[No Variations]"
Added Component: Designator=C27(C0805 - rounded)
Add component. Clean all parameters for all variants
Add component (AddParameter): Name = "Part Number"; Value = ""; VariantName = "[No Variations]"
Add component (AddParameter): Name = "Value"; Value = ""; VariantName = "[No Variations]"
Add component (AddParameter): Name = "Vendor"; Value = ""; VariantName = "[No Variations]"
Added Component: Designator=C28(C0805 - rounded)
Add component. Clean all parameters for all variants
Add component (AddParameter): Name = "Part Number"; Value = ""; VariantName = "[No Variations]"
Add component (AddParameter): Name = "Value"; Value = ""; VariantName = "[No Variations]"
Add component (AddParameter): Name = "Vendor"; Value = ""; VariantName = "[No Variations]"
Added Component: Designator=C29(C0805 - rounded)
Add component. Clean all parameters for all variants
Add component (AddParameter): Name = "Part Number"; Value = ""; VariantName = "[No Variations]"
Add component (AddParameter): Name = "Value"; Value = "100nF"; VariantName = "[No Variations]"
Add component (AddParameter): Name = "Vendor"; Value = ""; VariantName = "[No Variations]"
Added Component: Designator=C30(C0805 - rounded)
Add component. Clean all parameters for all variants
Add component (AddParameter): Name = "Part Number"; Value = ""; VariantName = "[No Variations]"
Add component (AddParameter): Name = "Value"; Value = "100nF"; VariantName = "[No Variations]"
Add component (AddParameter): Name = "Vendor"; Value = ""; VariantName = "[No Variations]"
Added Component: Designator=C31(C0805 - rounded)
Add component. Clean all parameters for all variants
Add component (AddParameter): Name = "Part Number"; Value = ""; VariantName = "[No Variations]"
Add component (AddParameter): Name = "Value"; Value = "100nF"; VariantName = "[No Variations]"
Add component (AddParameter): Name = "Vendor"; Value = ""; VariantName = "[No Variations]"
Added Component: Designator=C32(C0805 - rounded)
Add component. Clean all parameters for all variants
Add component (AddParameter): Name = "Part Number"; Value = ""; VariantName = "[No Variations]"
Add component (AddParameter): Name = "Value"; Value = "100nF"; VariantName = "[No Variations]"
Add component (AddParameter): Name = "Vendor"; Value = ""; VariantName = "[No Variations]"
Added Component: Designator=C33(E1,8-4)
Add component. Clean all parameters for all variants
Add component (AddParameter): Name = "Part Number"; Value = ""; VariantName = "[No Variations]"
Add component (AddParameter): Name = "Value"; Value = "100uF"; VariantName = "[No Variations]"
Add component (AddParameter): Name = "Vendor"; Value = ""; VariantName = "[No Variations]"
Added Component: Designator=C34(C0805 - rounded)
Add component. Clean all parameters for all variants
Add component (AddParameter): Name = "Part Number"; Value = ""; VariantName = "[No Variations]"
Add component (AddParameter): Name = "Value"; Value = ""; VariantName = "[No Variations]"
Add component (AddParameter): Name = "Vendor"; Value = ""; VariantName = "[No Variations]"
Added Component: Designator=C35(C0805 - rounded)
Add component. Clean all parameters for all variants
Add component (AddParameter): Name = "Part Number"; Value = ""; VariantName = "[No Variations]"
Add component (AddParameter): Name = "Value"; Value = "100nF"; VariantName = "[No Variations]"
Add component (AddParameter): Name = "Vendor"; Value = ""; VariantName = "[No Variations]"
Added Component: Designator=C36(C0805 - rounded)
Add component. Clean all parameters for all variants
Add component (AddParameter): Name = "Part Number"; Value = ""; VariantName = "[No Variations]"
Add component (AddParameter): Name = "Value"; Value = "100nF"; VariantName = "[No Variations]"
Add component (AddParameter): Name = "Vendor"; Value = ""; VariantName = "[No Variations]"
Added Component: Designator=C37(C0805 - rounded)
Add component. Clean all parameters for all variants
Add component (AddParameter): Name = "Part Number"; Value = ""; VariantName = "[No Variations]"
Add component (AddParameter): Name = "Value"; Value = "100nF"; VariantName = "[No Variations]"
Add component (AddParameter): Name = "Vendor"; Value = ""; VariantName = "[No Variations]"
Added Component: Designator=C38(C0805 - rounded)
Add component. Clean all parameters for all variants
Add component (AddParameter): Name = "Part Number"; Value = ""; VariantName = "[No Variations]"
Add component (AddParameter): Name = "Value"; Value = "100nF"; VariantName = "[No Variations]"
Add component (AddParameter): Name = "Vendor"; Value = ""; VariantName = "[No Variations]"
Added Component: Designator=C39(C0805 - rounded)
Add component. Clean all parameters for all variants
Add component (AddParameter): Name = "Part Number"; Value = ""; VariantName = "[No Variations]"
Add component (AddParameter): Name = "Value"; Value = "100nF"; VariantName = "[No Variations]"
Add component (AddParameter): Name = "Vendor"; Value = ""; VariantName = "[No Variations]"
Added Component: Designator=C40(C0805 - rounded)
Add component. Clean all parameters for all variants
Add component (AddParameter): Name = "Part Number"; Value = ""; VariantName = "[No Variations]"
Add component (AddParameter): Name = "Value"; Value = "100nF"; VariantName = "[No Variations]"
Add component (AddParameter): Name = "Vendor"; Value = ""; VariantName = "[No Variations]"
Added Component: Designator=C41(C0805 - rounded)
Add component. Clean all parameters for all variants
Add component (AddParameter): Name = "Part Number"; Value = ""; VariantName = "[No Variations]"
Add component (AddParameter): Name = "Value"; Value = "100nF"; VariantName = "[No Variations]"
Add component (AddParameter): Name = "Vendor"; Value = ""; VariantName = "[No Variations]"
Added Component: Designator=C42(C0805 - rounded)
Add component. Clean all parameters for all variants
Add component (AddParameter): Name = "Part Number"; Value = ""; VariantName = "[No Variations]"
Add component (AddParameter): Name = "Value"; Value = "100nF"; VariantName = "[No Variations]"
Add component (AddParameter): Name = "Vendor"; Value = ""; VariantName = "[No Variations]"
Added Component: Designator=C43(E1,8-4)
Add component. Clean all parameters for all variants
Add component (AddParameter): Name = "Part Number"; Value = ""; VariantName = "[No Variations]"
Add component (AddParameter): Name = "Value"; Value = "470uF"; VariantName = "[No Variations]"
Add component (AddParameter): Name = "Vendor"; Value = ""; VariantName = "[No Variations]"
Added Component: Designator=C44(E1,8-4)
Add component. Clean all parameters for all variants
Add component (AddParameter): Name = "Part Number"; Value = ""; VariantName = "[No Variations]"
Add component (AddParameter): Name = "Value"; Value = "470uF"; VariantName = "[No Variations]"
Add component (AddParameter): Name = "Vendor"; Value = ""; VariantName = "[No Variations]"
Added Component: Designator=C45(C0805 - rounded)
Add component. Clean all parameters for all variants
Add component (AddParameter): Name = "Part Number"; Value = ""; VariantName = "[No Variations]"
Add component (AddParameter): Name = "Value"; Value = "100nF"; VariantName = "[No Variations]"
Add component (AddParameter): Name = "Vendor"; Value = ""; VariantName = "[No Variations]"
Added Component: Designator=D1(DO214AA)
Add component. Clean all parameters for all variants
Add component (AddParameter): Name = "Part Number"; Value = "SS12"; VariantName = "[No Variations]"
Add component (AddParameter): Name = "Value"; Value = ""; VariantName = "[No Variations]"
Add component (AddParameter): Name = "Vendor"; Value = ""; VariantName = "[No Variations]"
Added Component: Designator=D2(DO214AA)
Add component. Clean all parameters for all variants
Add component (AddParameter): Name = "Part Number"; Value = "SS12"; VariantName = "[No Variations]"
Add component (AddParameter): Name = "Value"; Value = ""; VariantName = "[No Variations]"
Add component (AddParameter): Name = "Vendor"; Value = ""; VariantName = "[No Variations]"
Added Component: Designator=D3(DO214AA)
Add component. Clean all parameters for all variants
Add component (AddParameter): Name = "Part Number"; Value = "SS12"; VariantName = "[No Variations]"
Add component (AddParameter): Name = "Value"; Value = ""; VariantName = "[No Variations]"
Add component (AddParameter): Name = "Vendor"; Value = ""; VariantName = "[No Variations]"
Added Component: Designator=D4(DO214AA)
Add component. Clean all parameters for all variants
Add component (AddParameter): Name = "Part Number"; Value = "SS12"; VariantName = "[No Variations]"
Add component (AddParameter): Name = "Value"; Value = ""; VariantName = "[No Variations]"
Add component (AddParameter): Name = "Vendor"; Value = ""; VariantName = "[No Variations]"
Added Component: Designator=D5(DO214AA)
Add component. Clean all parameters for all variants
Add component (AddParameter): Name = "Part Number"; Value = "SS12"; VariantName = "[No Variations]"
Add component (AddParameter): Name = "Value"; Value = ""; VariantName = "[No Variations]"
Add component (AddParameter): Name = "Vendor"; Value = ""; VariantName = "[No Variations]"
Added Component: Designator=D6(DO214AA)
Add component. Clean all parameters for all variants
Add component (AddParameter): Name = "Part Number"; Value = "SS12"; VariantName = "[No Variations]"
Add component (AddParameter): Name = "Value"; Value = ""; VariantName = "[No Variations]"
Add component (AddParameter): Name = "Vendor"; Value = ""; VariantName = "[No Variations]"
Added Component: Designator=D7(DO214AA)
Add component. Clean all parameters for all variants
Add component (AddParameter): Name = "Part Number"; Value = "SS12"; VariantName = "[No Variations]"
Add component (AddParameter): Name = "Value"; Value = ""; VariantName = "[No Variations]"
Add component (AddParameter): Name = "Vendor"; Value = ""; VariantName = "[No Variations]"
Added Component: Designator=D8(DO214AA)
Add component. Clean all parameters for all variants
Add component (AddParameter): Name = "Part Number"; Value = "SS12"; VariantName = "[No Variations]"
Add component (AddParameter): Name = "Value"; Value = ""; VariantName = "[No Variations]"
Add component (AddParameter): Name = "Vendor"; Value = ""; VariantName = "[No Variations]"
Added Component: Designator=D9(DO214AA)
Add component. Clean all parameters for all variants
Add component (AddParameter): Name = "Part Number"; Value = ""; VariantName = "[No Variations]"
Add component (AddParameter): Name = "Value"; Value = ""; VariantName = "[No Variations]"
Add component (AddParameter): Name = "Vendor"; Value = ""; VariantName = "[No Variations]"
Added Component: Designator=IC1(SO08)
Add component. Clean all parameters for all variants
Add component (AddParameter): Name = "Availability"; Value = "Unavailable"; VariantName = "[No Variations]"
Add component (AddParameter): Name = "MF"; Value = "Texas Instruments"; VariantName = "[No Variations]"
Add component (AddParameter): Name = "MP"; Value = "MC34063A"; VariantName = "[No Variations]"
Add component (AddParameter): Name = "Package"; Value = "SOIC-8 Texas Instruments"; VariantName = "[No Variations]"
Add component (AddParameter): Name = "Price"; Value = "None"; VariantName = "[No Variations]"
Add component (AddParameter): Name = "SnapEDA_Link"; Value = "https://www.snapeda.com/parts/MC34063A/Texas%20Instruments/view-part/?ref=snap"; VariantName = "[No Variations]"
Add component (AddParameter): Name = "Value"; Value = ""; VariantName = "[No Variations]"
Added Component: Designator=J1(phone jack - SJ1-352x)
Add component. Clean all parameters for all variants
Added Component: Designator=J2(phone jack - SJ1-352x)
Add component. Clean all parameters for all variants
Added Component: Designator=J3(613006143121)
Add component. Clean all parameters for all variants
Add component (AddParameter): Name = "Part Number"; Value = "613006143121"; VariantName = "[No Variations]"
Add component (AddParameter): Name = "Value"; Value = "06p"; VariantName = "[No Variations]"
Add component (AddParameter): Name = "Vendor"; Value = "Wurth Elektronik"; VariantName = "[No Variations]"
Added Component: Designator=J4(61301011821)
Add component. Clean all parameters for all variants
Add component (AddParameter): Name = "Part Number"; Value = "61301011821"; VariantName = "[No Variations]"
Add component (AddParameter): Name = "Value"; Value = "10p"; VariantName = "[No Variations]"
Add component (AddParameter): Name = "Vendor"; Value = "Wurth Elektronik"; VariantName = "[No Variations]"
Added Component: Designator=L1(L-PTH-12x9.5)
Add component. Clean all parameters for all variants
Add component (AddParameter): Name = "Part Number"; Value = ""; VariantName = "[No Variations]"
Add component (AddParameter): Name = "Value"; Value = "330uH"; VariantName = "[No Variations]"
Add component (AddParameter): Name = "Vendor"; Value = ""; VariantName = "[No Variations]"
Added Component: Designator=R1(R0805 - rounded)
Add component. Clean all parameters for all variants
Add component (AddParameter): Name = "Part Number"; Value = ""; VariantName = "[No Variations]"
Add component (AddParameter): Name = "Value"; Value = ""; VariantName = "[No Variations]"
Add component (AddParameter): Name = "Vendor"; Value = ""; VariantName = "[No Variations]"
Added Component: Designator=R2(R0805 - rounded)
Add component. Clean all parameters for all variants
Add component (AddParameter): Name = "Part Number"; Value = ""; VariantName = "[No Variations]"
Add component (AddParameter): Name = "Value"; Value = ""; VariantName = "[No Variations]"
Add component (AddParameter): Name = "Vendor"; Value = ""; VariantName = "[No Variations]"
Added Component: Designator=R3(R0805 - rounded)
Add component. Clean all parameters for all variants
Add component (AddParameter): Name = "Part Number"; Value = ""; VariantName = "[No Variations]"
Add component (AddParameter): Name = "Value"; Value = ""; VariantName = "[No Variations]"
Add component (AddParameter): Name = "Vendor"; Value = ""; VariantName = "[No Variations]"
Added Component: Designator=R4(R0805 - rounded)
Add component. Clean all parameters for all variants
Add component (AddParameter): Name = "Part Number"; Value = ""; VariantName = "[No Variations]"
Add component (AddParameter): Name = "Value"; Value = ""; VariantName = "[No Variations]"
Add component (AddParameter): Name = "Vendor"; Value = ""; VariantName = "[No Variations]"
Added Component: Designator=R5(R0805 - rounded)
Add component. Clean all parameters for all variants
Add component (AddParameter): Name = "Part Number"; Value = ""; VariantName = "[No Variations]"
Add component (AddParameter): Name = "Value"; Value = ""; VariantName = "[No Variations]"
Add component (AddParameter): Name = "Vendor"; Value = ""; VariantName = "[No Variations]"
Added Component: Designator=R6(R0805 - rounded)
Add component. Clean all parameters for all variants
Add component (AddParameter): Name = "Part Number"; Value = ""; VariantName = "[No Variations]"
Add component (AddParameter): Name = "Value"; Value = ""; VariantName = "[No Variations]"
Add component (AddParameter): Name = "Vendor"; Value = ""; VariantName = "[No Variations]"
Added Component: Designator=R7(R0805 - rounded)
Add component. Clean all parameters for all variants
Add component (AddParameter): Name = "Part Number"; Value = ""; VariantName = "[No Variations]"
Add component (AddParameter): Name = "Value"; Value = ""; VariantName = "[No Variations]"
Add component (AddParameter): Name = "Vendor"; Value = ""; VariantName = "[No Variations]"
Added Component: Designator=R8(R0805 - rounded)
Add component. Clean all parameters for all variants
Add component (AddParameter): Name = "Part Number"; Value = ""; VariantName = "[No Variations]"
Add component (AddParameter): Name = "Value"; Value = ""; VariantName = "[No Variations]"
Add component (AddParameter): Name = "Vendor"; Value = ""; VariantName = "[No Variations]"
Added Component: Designator=R9(R0805 - rounded)
Add component. Clean all parameters for all variants
Add component (AddParameter): Name = "Part Number"; Value = ""; VariantName = "[No Variations]"
Add component (AddParameter): Name = "Value"; Value = ""; VariantName = "[No Variations]"
Add component (AddParameter): Name = "Vendor"; Value = ""; VariantName = "[No Variations]"
Added Component: Designator=R10(R0805 - rounded)
Add component. Clean all parameters for all variants
Add component (AddParameter): Name = "Part Number"; Value = ""; VariantName = "[No Variations]"
Add component (AddParameter): Name = "Value"; Value = ""; VariantName = "[No Variations]"
Add component (AddParameter): Name = "Vendor"; Value = ""; VariantName = "[No Variations]"
Added Component: Designator=R11(R0805 - rounded)
Add component. Clean all parameters for all variants
Add component (AddParameter): Name = "Part Number"; Value = ""; VariantName = "[No Variations]"
Add component (AddParameter): Name = "Value"; Value = ""; VariantName = "[No Variations]"
Add component (AddParameter): Name = "Vendor"; Value = ""; VariantName = "[No Variations]"
Added Component: Designator=R12(R0805 - rounded)
Add component. Clean all parameters for all variants
Add component (AddParameter): Name = "Part Number"; Value = ""; VariantName = "[No Variations]"
Add component (AddParameter): Name = "Value"; Value = ""; VariantName = "[No Variations]"
Add component (AddParameter): Name = "Vendor"; Value = ""; VariantName = "[No Variations]"
Added Component: Designator=R13(R0805 - rounded)
Add component. Clean all parameters for all variants
Add component (AddParameter): Name = "Part Number"; Value = ""; VariantName = "[No Variations]"
Add component (AddParameter): Name = "Value"; Value = ""; VariantName = "[No Variations]"
Add component (AddParameter): Name = "Vendor"; Value = ""; VariantName = "[No Variations]"
Added Component: Designator=R14(R0805 - rounded)
Add component. Clean all parameters for all variants
Add component (AddParameter): Name = "Part Number"; Value = ""; VariantName = "[No Variations]"
Add component (AddParameter): Name = "Value"; Value = ""; VariantName = "[No Variations]"
Add component (AddParameter): Name = "Vendor"; Value = ""; VariantName = "[No Variations]"
Added Component: Designator=R15(R0805 - rounded)
Add component. Clean all parameters for all variants
Add component (AddParameter): Name = "Part Number"; Value = ""; VariantName = "[No Variations]"
Add component (AddParameter): Name = "Value"; Value = ""; VariantName = "[No Variations]"
Add component (AddParameter): Name = "Vendor"; Value = ""; VariantName = "[No Variations]"
Added Component: Designator=R16(R0805 - rounded)
Add component. Clean all parameters for all variants
Add component (AddParameter): Name = "Part Number"; Value = ""; VariantName = "[No Variations]"
Add component (AddParameter): Name = "Value"; Value = ""; VariantName = "[No Variations]"
Add component (AddParameter): Name = "Vendor"; Value = ""; VariantName = "[No Variations]"
Added Component: Designator=R17(R0805 - rounded)
Add component. Clean all parameters for all variants
Add component (AddParameter): Name = "Part Number"; Value = ""; VariantName = "[No Variations]"
Add component (AddParameter): Name = "Value"; Value = ""; VariantName = "[No Variations]"
Add component (AddParameter): Name = "Vendor"; Value = ""; VariantName = "[No Variations]"
Added Component: Designator=R18(R0805 - rounded)
Add component. Clean all parameters for all variants
Add component (AddParameter): Name = "Part Number"; Value = ""; VariantName = "[No Variations]"
Add component (AddParameter): Name = "Value"; Value = ""; VariantName = "[No Variations]"
Add component (AddParameter): Name = "Vendor"; Value = ""; VariantName = "[No Variations]"
Added Component: Designator=R19(R0805 - rounded)
Add component. Clean all parameters for all variants
Add component (AddParameter): Name = "Part Number"; Value = ""; VariantName = "[No Variations]"
Add component (AddParameter): Name = "Value"; Value = ""; VariantName = "[No Variations]"
Add component (AddParameter): Name = "Vendor"; Value = ""; VariantName = "[No Variations]"
Added Component: Designator=R20(R0805 - rounded)
Add component. Clean all parameters for all variants
Add component (AddParameter): Name = "Part Number"; Value = ""; VariantName = "[No Variations]"
Add component (AddParameter): Name = "Value"; Value = ""; VariantName = "[No Variations]"
Add component (AddParameter): Name = "Vendor"; Value = ""; VariantName = "[No Variations]"
Added Component: Designator=R21(R0805 - rounded)
Add component. Clean all parameters for all variants
Add component (AddParameter): Name = "Part Number"; Value = ""; VariantName = "[No Variations]"
Add component (AddParameter): Name = "Value"; Value = ""; VariantName = "[No Variations]"
Add component (AddParameter): Name = "Vendor"; Value = ""; VariantName = "[No Variations]"
Added Component: Designator=R22(R0805 - rounded)
Add component. Clean all parameters for all variants
Add component (AddParameter): Name = "Part Number"; Value = ""; VariantName = "[No Variations]"
Add component (AddParameter): Name = "Value"; Value = ""; VariantName = "[No Variations]"
Add component (AddParameter): Name = "Vendor"; Value = ""; VariantName = "[No Variations]"
Added Component: Designator=R23(R0805 - rounded)
Add component. Clean all parameters for all variants
Add component (AddParameter): Name = "Part Number"; Value = ""; VariantName = "[No Variations]"
Add component (AddParameter): Name = "Value"; Value = ""; VariantName = "[No Variations]"
Add component (AddParameter): Name = "Vendor"; Value = ""; VariantName = "[No Variations]"
Added Component: Designator=R24(R0805 - rounded)
Add component. Clean all parameters for all variants
Add component (AddParameter): Name = "Part Number"; Value = ""; VariantName = "[No Variations]"
Add component (AddParameter): Name = "Value"; Value = ""; VariantName = "[No Variations]"
Add component (AddParameter): Name = "Vendor"; Value = ""; VariantName = "[No Variations]"
Added Component: Designator=R25(R0805 - rounded)
Add component. Clean all parameters for all variants
Add component (AddParameter): Name = "Part Number"; Value = ""; VariantName = "[No Variations]"
Add component (AddParameter): Name = "Value"; Value = ""; VariantName = "[No Variations]"
Add component (AddParameter): Name = "Vendor"; Value = ""; VariantName = "[No Variations]"
Added Component: Designator=R26(R0805 - rounded)
Add component. Clean all parameters for all variants
Add component (AddParameter): Name = "Part Number"; Value = ""; VariantName = "[No Variations]"
Add component (AddParameter): Name = "Value"; Value = ""; VariantName = "[No Variations]"
Add component (AddParameter): Name = "Vendor"; Value = ""; VariantName = "[No Variations]"
Added Component: Designator=R27(R0805 - rounded)
Add component. Clean all parameters for all variants
Add component (AddParameter): Name = "Part Number"; Value = ""; VariantName = "[No Variations]"
Add component (AddParameter): Name = "Value"; Value = ""; VariantName = "[No Variations]"
Add component (AddParameter): Name = "Vendor"; Value = ""; VariantName = "[No Variations]"
Added Component: Designator=R28(R0805 - rounded)
Add component. Clean all parameters for all variants
Add component (AddParameter): Name = "Part Number"; Value = ""; VariantName = "[No Variations]"
Add component (AddParameter): Name = "Value"; Value = ""; VariantName = "[No Variations]"
Add component (AddParameter): Name = "Vendor"; Value = ""; VariantName = "[No Variations]"
Added Component: Designator=R29(R0805 - rounded)
Add component. Clean all parameters for all variants
Add component (AddParameter): Name = "Part Number"; Value = ""; VariantName = "[No Variations]"
Add component (AddParameter): Name = "Value"; Value = ""; VariantName = "[No Variations]"
Add component (AddParameter): Name = "Vendor"; Value = ""; VariantName = "[No Variations]"
Added Component: Designator=R30(R0805 - rounded)
Add component. Clean all parameters for all variants
Add component (AddParameter): Name = "Part Number"; Value = ""; VariantName = "[No Variations]"
Add component (AddParameter): Name = "Value"; Value = ""; VariantName = "[No Variations]"
Add component (AddParameter): Name = "Vendor"; Value = ""; VariantName = "[No Variations]"
Added Component: Designator=R31(R0805 - rounded)
Add component. Clean all parameters for all variants
Add component (AddParameter): Name = "Part Number"; Value = ""; VariantName = "[No Variations]"
Add component (AddParameter): Name = "Value"; Value = ""; VariantName = "[No Variations]"
Add component (AddParameter): Name = "Vendor"; Value = ""; VariantName = "[No Variations]"
Added Component: Designator=R32(R0805 - rounded)
Add component. Clean all parameters for all variants
Add component (AddParameter): Name = "Part Number"; Value = ""; VariantName = "[No Variations]"
Add component (AddParameter): Name = "Value"; Value = ""; VariantName = "[No Variations]"
Add component (AddParameter): Name = "Vendor"; Value = ""; VariantName = "[No Variations]"
Added Component: Designator=R33(R0805 - rounded)
Add component. Clean all parameters for all variants
Add component (AddParameter): Name = "Part Number"; Value = ""; VariantName = "[No Variations]"
Add component (AddParameter): Name = "Value"; Value = ""; VariantName = "[No Variations]"
Add component (AddParameter): Name = "Vendor"; Value = ""; VariantName = "[No Variations]"
Added Component: Designator=R34(R0805 - rounded)
Add component. Clean all parameters for all variants
Add component (AddParameter): Name = "Part Number"; Value = ""; VariantName = "[No Variations]"
Add component (AddParameter): Name = "Value"; Value = ""; VariantName = "[No Variations]"
Add component (AddParameter): Name = "Vendor"; Value = ""; VariantName = "[No Variations]"
Added Component: Designator=R35(R0805 - rounded)
Add component. Clean all parameters for all variants
Add component (AddParameter): Name = "Part Number"; Value = ""; VariantName = "[No Variations]"
Add component (AddParameter): Name = "Value"; Value = ""; VariantName = "[No Variations]"
Add component (AddParameter): Name = "Vendor"; Value = ""; VariantName = "[No Variations]"
Added Component: Designator=R36(R0805 - rounded)
Add component. Clean all parameters for all variants
Add component (AddParameter): Name = "Part Number"; Value = ""; VariantName = "[No Variations]"
Add component (AddParameter): Name = "Value"; Value = ""; VariantName = "[No Variations]"
Add component (AddParameter): Name = "Vendor"; Value = ""; VariantName = "[No Variations]"
Added Component: Designator=R37(R0805 - rounded)
Add component. Clean all parameters for all variants
Add component (AddParameter): Name = "Part Number"; Value = ""; VariantName = "[No Variations]"
Add component (AddParameter): Name = "Value"; Value = ""; VariantName = "[No Variations]"
Add component (AddParameter): Name = "Vendor"; Value = ""; VariantName = "[No Variations]"
Added Component: Designator=R38(R0805 - rounded)
Add component. Clean all parameters for all variants
Add component (AddParameter): Name = "Part Number"; Value = ""; VariantName = "[No Variations]"
Add component (AddParameter): Name = "Value"; Value = ""; VariantName = "[No Variations]"
Add component (AddParameter): Name = "Vendor"; Value = ""; VariantName = "[No Variations]"
Added Component: Designator=R39(R0805 - rounded)
Add component. Clean all parameters for all variants
Add component (AddParameter): Name = "Part Number"; Value = ""; VariantName = "[No Variations]"
Add component (AddParameter): Name = "Value"; Value = ""; VariantName = "[No Variations]"
Add component (AddParameter): Name = "Vendor"; Value = ""; VariantName = "[No Variations]"
Added Component: Designator=R40(R0805 - rounded)
Add component. Clean all parameters for all variants
Add component (AddParameter): Name = "Part Number"; Value = ""; VariantName = "[No Variations]"
Add component (AddParameter): Name = "Value"; Value = ""; VariantName = "[No Variations]"
Add component (AddParameter): Name = "Vendor"; Value = ""; VariantName = "[No Variations]"
Added Component: Designator=R41(R0805 - rounded)
Add component. Clean all parameters for all variants
Add component (AddParameter): Name = "Part Number"; Value = ""; VariantName = "[No Variations]"
Add component (AddParameter): Name = "Value"; Value = ""; VariantName = "[No Variations]"
Add component (AddParameter): Name = "Vendor"; Value = ""; VariantName = "[No Variations]"
Added Component: Designator=R42(R0805 - rounded)
Add component. Clean all parameters for all variants
Add component (AddParameter): Name = "Part Number"; Value = ""; VariantName = "[No Variations]"
Add component (AddParameter): Name = "Value"; Value = ""; VariantName = "[No Variations]"
Add component (AddParameter): Name = "Vendor"; Value = ""; VariantName = "[No Variations]"
Added Component: Designator=R43(R0805 - rounded)
Add component. Clean all parameters for all variants
Add component (AddParameter): Name = "Part Number"; Value = ""; VariantName = "[No Variations]"
Add component (AddParameter): Name = "Value"; Value = ""; VariantName = "[No Variations]"
Add component (AddParameter): Name = "Vendor"; Value = ""; VariantName = "[No Variations]"
Added Component: Designator=R44(R0805 - rounded)
Add component. Clean all parameters for all variants
Add component (AddParameter): Name = "Part Number"; Value = ""; VariantName = "[No Variations]"
Add component (AddParameter): Name = "Value"; Value = ""; VariantName = "[No Variations]"
Add component (AddParameter): Name = "Vendor"; Value = ""; VariantName = "[No Variations]"
Added Component: Designator=R45(R0805 - rounded)
Add component. Clean all parameters for all variants
Add component (AddParameter): Name = "Part Number"; Value = ""; VariantName = "[No Variations]"
Add component (AddParameter): Name = "Value"; Value = ""; VariantName = "[No Variations]"
Add component (AddParameter): Name = "Vendor"; Value = ""; VariantName = "[No Variations]"
Added Component: Designator=R46(R0805 - rounded)
Add component. Clean all parameters for all variants
Add component (AddParameter): Name = "Part Number"; Value = ""; VariantName = "[No Variations]"
Add component (AddParameter): Name = "Value"; Value = ""; VariantName = "[No Variations]"
Add component (AddParameter): Name = "Vendor"; Value = ""; VariantName = "[No Variations]"
Added Component: Designator=R47(R0805 - rounded)
Add component. Clean all parameters for all variants
Add component (AddParameter): Name = "Part Number"; Value = ""; VariantName = "[No Variations]"
Add component (AddParameter): Name = "Value"; Value = ""; VariantName = "[No Variations]"
Add component (AddParameter): Name = "Vendor"; Value = ""; VariantName = "[No Variations]"
Added Component: Designator=R48(R0805 - rounded)
Add component. Clean all parameters for all variants
Add component (AddParameter): Name = "Part Number"; Value = ""; VariantName = "[No Variations]"
Add component (AddParameter): Name = "Value"; Value = ""; VariantName = "[No Variations]"
Add component (AddParameter): Name = "Vendor"; Value = ""; VariantName = "[No Variations]"
Added Component: Designator=R49(R0805 - rounded)
Add component. Clean all parameters for all variants
Add component (AddParameter): Name = "Part Number"; Value = ""; VariantName = "[No Variations]"
Add component (AddParameter): Name = "Value"; Value = "0R"; VariantName = "[No Variations]"
Add component (AddParameter): Name = "Vendor"; Value = ""; VariantName = "[No Variations]"
Added Component: Designator=R50(R0805 - rounded)
Add component. Clean all parameters for all variants
Add component (AddParameter): Name = "Part Number"; Value = ""; VariantName = "[No Variations]"
Add component (AddParameter): Name = "Value"; Value = "0R"; VariantName = "[No Variations]"
Add component (AddParameter): Name = "Vendor"; Value = ""; VariantName = "[No Variations]"
Added Component: Designator=R51(R0805 - rounded)
Add component. Clean all parameters for all variants
Add component (AddParameter): Name = "Part Number"; Value = ""; VariantName = "[No Variations]"
Add component (AddParameter): Name = "Value"; Value = "0R"; VariantName = "[No Variations]"
Add component (AddParameter): Name = "Vendor"; Value = ""; VariantName = "[No Variations]"
Added Component: Designator=R52(R0805 - rounded)
Add component. Clean all parameters for all variants
Add component (AddParameter): Name = "Part Number"; Value = ""; VariantName = "[No Variations]"
Add component (AddParameter): Name = "Value"; Value = "0R"; VariantName = "[No Variations]"
Add component (AddParameter): Name = "Vendor"; Value = ""; VariantName = "[No Variations]"
Added Component: Designator=R53(R0805 - rounded)
Add component. Clean all parameters for all variants
Add component (AddParameter): Name = "Part Number"; Value = ""; VariantName = "[No Variations]"
Add component (AddParameter): Name = "Value"; Value = "3.3R"; VariantName = "[No Variations]"
Add component (AddParameter): Name = "Vendor"; Value = ""; VariantName = "[No Variations]"
Added Component: Designator=R54(R0805 - rounded)
Add component. Clean all parameters for all variants
Add component (AddParameter): Name = "Part Number"; Value = ""; VariantName = "[No Variations]"
Add component (AddParameter): Name = "Value"; Value = "1k"; VariantName = "[No Variations]"
Add component (AddParameter): Name = "Vendor"; Value = ""; VariantName = "[No Variations]"
Added Component: Designator=R55(R0805 - rounded)
Add component. Clean all parameters for all variants
Add component (AddParameter): Name = "Part Number"; Value = ""; VariantName = "[No Variations]"
Add component (AddParameter): Name = "Value"; Value = "5.6k"; VariantName = "[No Variations]"
Add component (AddParameter): Name = "Vendor"; Value = ""; VariantName = "[No Variations]"
Added Component: Designator=R56(R0805 - rounded)
Add component. Clean all parameters for all variants
Add component (AddParameter): Name = "Part Number"; Value = ""; VariantName = "[No Variations]"
Add component (AddParameter): Name = "Value"; Value = "2k"; VariantName = "[No Variations]"
Add component (AddParameter): Name = "Vendor"; Value = ""; VariantName = "[No Variations]"
Added Component: Designator=R57(R0805 - rounded)
Add component. Clean all parameters for all variants
Add component (AddParameter): Name = "Part Number"; Value = ""; VariantName = "[No Variations]"
Add component (AddParameter): Name = "Value"; Value = "0R"; VariantName = "[No Variations]"
Add component (AddParameter): Name = "Vendor"; Value = ""; VariantName = "[No Variations]"
Added Component: Designator=R58(R0805 - rounded)
Add component. Clean all parameters for all variants
Add component (AddParameter): Name = "Part Number"; Value = ""; VariantName = "[No Variations]"
Add component (AddParameter): Name = "Value"; Value = "0R"; VariantName = "[No Variations]"
Add component (AddParameter): Name = "Vendor"; Value = ""; VariantName = "[No Variations]"
Added Component: Designator=TB1(ARDUINO_NANO_SHIELD)
Add component. Clean all parameters for all variants
Add component (AddParameter): Name = "Availability"; Value = "Unavailable"; VariantName = "[No Variations]"
Add component (AddParameter): Name = "MF"; Value = "Arduino"; VariantName = "[No Variations]"
Add component (AddParameter): Name = "MP"; Value = "ARDUINO NANO"; VariantName = "[No Variations]"
Add component (AddParameter): Name = "Package"; Value = "None"; VariantName = "[No Variations]"
Add component (AddParameter): Name = "Price"; Value = "None"; VariantName = "[No Variations]"
Add component (AddParameter): Name = "SnapEDA_Link"; Value = "https://www.snapeda.com/parts/ARDUINO%20NANO/Arduino/view-part/?ref=snap"; VariantName = "[No Variations]"
Add component (AddParameter): Name = "Value"; Value = ""; VariantName = "[No Variations]"
Added Component: Designator=TRIM1(RTRIM4G/J)
Add component. Clean all parameters for all variants
Add component (AddParameter): Name = "Part Number"; Value = ""; VariantName = "[No Variations]"
Add component (AddParameter): Name = "Value"; Value = "20k"; VariantName = "[No Variations]"
Add component (AddParameter): Name = "Vendor"; Value = ""; VariantName = "[No Variations]"
Added Component: Designator=TRIM2(RTRIM4G/J)
Add component. Clean all parameters for all variants
Add component (AddParameter): Name = "Part Number"; Value = ""; VariantName = "[No Variations]"
Add component (AddParameter): Name = "Value"; Value = "20k"; VariantName = "[No Variations]"
Add component (AddParameter): Name = "Vendor"; Value = ""; VariantName = "[No Variations]"
Added Component: Designator=U1(SOIC8)
Add component. Clean all parameters for all variants
Add component (AddParameter): Name = "Família"; Value = ""; VariantName = "[No Variations]"
Add component (AddParameter): Name = "Part Number"; Value = ""; VariantName = "[No Variations]"
Add component (AddParameter): Name = "Value"; Value = ""; VariantName = "[No Variations]"
Add component (AddParameter): Name = "Vendor"; Value = ""; VariantName = "[No Variations]"
Added Component: Designator=U2(SOIC8)
Add component. Clean all parameters for all variants
Add component (AddParameter): Name = "Família"; Value = ""; VariantName = "[No Variations]"
Add component (AddParameter): Name = "Part Number"; Value = ""; VariantName = "[No Variations]"
Add component (AddParameter): Name = "Value"; Value = ""; VariantName = "[No Variations]"
Add component (AddParameter): Name = "Vendor"; Value = ""; VariantName = "[No Variations]"
Added Component: Designator=U3(SOIC8)
Add component. Clean all parameters for all variants
Add component (AddParameter): Name = "Família"; Value = ""; VariantName = "[No Variations]"
Add component (AddParameter): Name = "Part Number"; Value = ""; VariantName = "[No Variations]"
Add component (AddParameter): Name = "Value"; Value = ""; VariantName = "[No Variations]"
Add component (AddParameter): Name = "Vendor"; Value = ""; VariantName = "[No Variations]"
Added Component: Designator=U4(SOIC8)
Add component. Clean all parameters for all variants
Add component (AddParameter): Name = "Família"; Value = ""; VariantName = "[No Variations]"
Add component (AddParameter): Name = "Part Number"; Value = ""; VariantName = "[No Variations]"
Add component (AddParameter): Name = "Value"; Value = ""; VariantName = "[No Variations]"
Add component (AddParameter): Name = "Vendor"; Value = ""; VariantName = "[No Variations]"
Added Component: Designator=U5(SOIC8)
Add component. Clean all parameters for all variants
Add component (AddParameter): Name = "Família"; Value = ""; VariantName = "[No Variations]"
Add component (AddParameter): Name = "Part Number"; Value = ""; VariantName = "[No Variations]"
Add component (AddParameter): Name = "Value"; Value = ""; VariantName = "[No Variations]"
Add component (AddParameter): Name = "Vendor"; Value = ""; VariantName = "[No Variations]"
Added Component: Designator=U6(SOIC8)
Add component. Clean all parameters for all variants
Add component (AddParameter): Name = "Família"; Value = ""; VariantName = "[No Variations]"
Add component (AddParameter): Name = "Part Number"; Value = ""; VariantName = "[No Variations]"
Add component (AddParameter): Name = "Value"; Value = ""; VariantName = "[No Variations]"
Add component (AddParameter): Name = "Vendor"; Value = ""; VariantName = "[No Variations]"
Added Component: Designator=U7(SOIC8)
Add component. Clean all parameters for all variants
Add component (AddParameter): Name = "Família"; Value = ""; VariantName = "[No Variations]"
Add component (AddParameter): Name = "Part Number"; Value = ""; VariantName = "[No Variations]"
Add component (AddParameter): Name = "Value"; Value = ""; VariantName = "[No Variations]"
Add component (AddParameter): Name = "Vendor"; Value = ""; VariantName = "[No Variations]"
Added Component: Designator=U8(TO92 - TL431)
Add component. Clean all parameters for all variants
Add component (AddParameter): Name = "Família"; Value = ""; VariantName = "[No Variations]"
Add component (AddParameter): Name = "Part Number"; Value = "TL431"; VariantName = "[No Variations]"
Add component (AddParameter): Name = "Value"; Value = ""; VariantName = "[No Variations]"
Add component (AddParameter): Name = "Vendor"; Value = ""; VariantName = "[No Variations]"
Added Pin To Net: NetName=+3V3 Pin=J3-5
Added Pin To Net: NetName=+3V3 Pin=J4-1
Added Pin To Net: NetName=+3V3 Pin=R57-2
Added Pin To Net: NetName=+3V3 Pin=TB1-17
Added Net: Name=+3V3
Added Pin To Net: NetName=+5V Pin=C29-2
Added Pin To Net: NetName=+5V Pin=C30-2
Added Pin To Net: NetName=+5V Pin=C31-2
Added Pin To Net: NetName=+5V Pin=C32-2
Added Pin To Net: NetName=+5V Pin=C33-+
Added Pin To Net: NetName=+5V Pin=C40-2
Added Pin To Net: NetName=+5V Pin=C41-2
Added Pin To Net: NetName=+5V Pin=C42-2
Added Pin To Net: NetName=+5V Pin=C45-2
Added Pin To Net: NetName=+5V Pin=D1-C
Added Pin To Net: NetName=+5V Pin=D4-C
Added Pin To Net: NetName=+5V Pin=D5-C
Added Pin To Net: NetName=+5V Pin=D8-C
Added Pin To Net: NetName=+5V Pin=IC1-6
Added Pin To Net: NetName=+5V Pin=R6-1
Added Pin To Net: NetName=+5V Pin=R29-1
Added Pin To Net: NetName=+5V Pin=R53-1
Added Pin To Net: NetName=+5V Pin=R54-1
Added Pin To Net: NetName=+5V Pin=TB1-27
Added Pin To Net: NetName=+5V Pin=U1-7
Added Pin To Net: NetName=+5V Pin=U2-8
Added Pin To Net: NetName=+5V Pin=U3-8
Added Pin To Net: NetName=+5V Pin=U4-7
Added Pin To Net: NetName=+5V Pin=U5-8
Added Pin To Net: NetName=+5V Pin=U6-8
Added Pin To Net: NetName=+5V Pin=U7-8
Added Net: Name=+5V
Added Pin To Net: NetName=-5V Pin=C34-1
Added Pin To Net: NetName=-5V Pin=C43-+
Added Pin To Net: NetName=-5V Pin=C44-+
Added Pin To Net: NetName=-5V Pin=D2-A
Added Pin To Net: NetName=-5V Pin=D3-A
Added Pin To Net: NetName=-5V Pin=D6-A
Added Pin To Net: NetName=-5V Pin=D7-A
Added Pin To Net: NetName=-5V Pin=D9-A
Added Pin To Net: NetName=-5V Pin=IC1-4
Added Pin To Net: NetName=-5V Pin=R50-1
Added Pin To Net: NetName=-5V Pin=R55-2
Added Pin To Net: NetName=-5V Pin=U1-4
Added Pin To Net: NetName=-5V Pin=U2-4
Added Pin To Net: NetName=-5V Pin=U3-4
Added Pin To Net: NetName=-5V Pin=U4-4
Added Pin To Net: NetName=-5V Pin=U5-4
Added Pin To Net: NetName=-5V Pin=U6-4
Added Pin To Net: NetName=-5V Pin=U7-4
Added Net: Name=-5V
Added Pin To Net: NetName=2.5Vref Pin=C35-2
Added Pin To Net: NetName=2.5Vref Pin=R51-1
Added Pin To Net: NetName=2.5Vref Pin=R54-2
Added Pin To Net: NetName=2.5Vref Pin=U8-1
Added Pin To Net: NetName=2.5Vref Pin=U8-3
Added Net: Name=2.5Vref
Added Pin To Net: NetName=ADS_A0 Pin=J4-7
Added Pin To Net: NetName=ADS_A0 Pin=R9-2
Added Net: Name=ADS_A0
Added Pin To Net: NetName=ADS_A1 Pin=J4-8
Added Pin To Net: NetName=ADS_A1 Pin=R32-2
Added Net: Name=ADS_A1
Added Pin To Net: NetName=ADS_A2 Pin=J4-9
Added Net: Name=ADS_A2
Added Pin To Net: NetName=ADS_A3 Pin=J4-10
Added Net: Name=ADS_A3
Added Pin To Net: NetName=ADS_ADDR Pin=J4-5
Added Pin To Net: NetName=ADS_ADDR Pin=R57-1
Added Pin To Net: NetName=ADS_ADDR Pin=R58-2
Added Net: Name=ADS_ADDR
Added Pin To Net: NetName=ADS_ALERT Pin=J4-6
Added Net: Name=ADS_ALERT
Added Pin To Net: NetName=ADS_SCL Pin=J4-3
Added Pin To Net: NetName=ADS_SCL Pin=TB1-24
Added Net: Name=ADS_SCL
Added Pin To Net: NetName=ADS_SDA Pin=J4-4
Added Pin To Net: NetName=ADS_SDA Pin=TB1-23
Added Net: Name=ADS_SDA
Added Pin To Net: NetName=AGND Pin=C2-2
Added Pin To Net: NetName=AGND Pin=C10-1
Added Pin To Net: NetName=AGND Pin=C12-2
Added Pin To Net: NetName=AGND Pin=C15-2
Added Pin To Net: NetName=AGND Pin=C23-1
Added Pin To Net: NetName=AGND Pin=C25-2
Added Pin To Net: NetName=AGND Pin=C36-2
Added Pin To Net: NetName=AGND Pin=C37-1
Added Pin To Net: NetName=AGND Pin=C38-1
Added Pin To Net: NetName=AGND Pin=C39-1
Added Pin To Net: NetName=AGND Pin=C40-1
Added Pin To Net: NetName=AGND Pin=C41-1
Added Pin To Net: NetName=AGND Pin=C42-1
Added Pin To Net: NetName=AGND Pin=C45-1
Added Pin To Net: NetName=AGND Pin=J1-10
Added Pin To Net: NetName=AGND Pin=J1-11
Added Pin To Net: NetName=AGND Pin=J2-10
Added Pin To Net: NetName=AGND Pin=J2-11
Added Pin To Net: NetName=AGND Pin=R1-2
Added Pin To Net: NetName=AGND Pin=R4-2
Added Pin To Net: NetName=AGND Pin=R16-2
Added Pin To Net: NetName=AGND Pin=R17-1
Added Pin To Net: NetName=AGND Pin=R18-1
Added Pin To Net: NetName=AGND Pin=R21-1
Added Pin To Net: NetName=AGND Pin=R23-2
Added Pin To Net: NetName=AGND Pin=R24-2
Added Pin To Net: NetName=AGND Pin=R27-2
Added Pin To Net: NetName=AGND Pin=R39-2
Added Pin To Net: NetName=AGND Pin=R40-1
Added Pin To Net: NetName=AGND Pin=R41-1
Added Pin To Net: NetName=AGND Pin=R44-1
Added Pin To Net: NetName=AGND Pin=R46-2
Added Pin To Net: NetName=AGND Pin=R51-2
Added Pin To Net: NetName=AGND Pin=R52-2
Added Pin To Net: NetName=AGND Pin=TRIM1-2
Added Pin To Net: NetName=AGND Pin=TRIM1-3
Added Pin To Net: NetName=AGND Pin=TRIM2-2
Added Pin To Net: NetName=AGND Pin=TRIM2-3
Added Pin To Net: NetName=AGND Pin=U1-5
Added Pin To Net: NetName=AGND Pin=U4-5
Added Pin To Net: NetName=AGND Pin=U7-5
Added Net: Name=AGND
Added Pin To Net: NetName=BT_EN Pin=J3-6
Added Net: Name=BT_EN
Added Pin To Net: NetName=BT_RX Pin=J3-2
Added Pin To Net: NetName=BT_RX Pin=TB1-1
Added Net: Name=BT_RX
Added Pin To Net: NetName=BT_STATE Pin=J3-1
Added Net: Name=BT_STATE
Added Pin To Net: NetName=BT_TX Pin=J3-3
Added Pin To Net: NetName=BT_TX Pin=TB1-2
Added Net: Name=BT_TX
Added Pin To Net: NetName=DRL Pin=C28-1
Added Pin To Net: NetName=DRL Pin=J1-1
Added Pin To Net: NetName=DRL Pin=J2-1
Added Pin To Net: NetName=DRL Pin=R48-2
Added Net: Name=DRL
Added Pin To Net: NetName=GND Pin=C33--
Added Pin To Net: NetName=GND Pin=C35-1
Added Pin To Net: NetName=GND Pin=C43--
Added Pin To Net: NetName=GND Pin=C44--
Added Pin To Net: NetName=GND Pin=J3-4
Added Pin To Net: NetName=GND Pin=J4-2
Added Pin To Net: NetName=GND Pin=L1-1
Added Pin To Net: NetName=GND Pin=R49-1
Added Pin To Net: NetName=GND Pin=R52-1
Added Pin To Net: NetName=GND Pin=R56-2
Added Pin To Net: NetName=GND Pin=R58-1
Added Pin To Net: NetName=GND Pin=TB1-4
Added Pin To Net: NetName=GND Pin=TB1-29
Added Pin To Net: NetName=GND Pin=U8-2
Added Net: Name=GND
Added Pin To Net: NetName=NetC1_1 Pin=C1-1
Added Pin To Net: NetName=NetC1_1 Pin=R2-1
Added Pin To Net: NetName=NetC1_1 Pin=R3-2
Added Pin To Net: NetName=NetC1_1 Pin=U2-2
Added Net: Name=NetC1_1
Added Pin To Net: NetName=NetC1_2 Pin=C1-2
Added Pin To Net: NetName=NetC1_2 Pin=C3-1
Added Pin To Net: NetName=NetC1_2 Pin=R3-1
Added Pin To Net: NetName=NetC1_2 Pin=U2-1
Added Net: Name=NetC1_2
Added Pin To Net: NetName=NetC2_1 Pin=C2-1
Added Pin To Net: NetName=NetC2_1 Pin=C7-2
Added Pin To Net: NetName=NetC2_1 Pin=D1-A
Added Pin To Net: NetName=NetC2_1 Pin=D2-C
Added Pin To Net: NetName=NetC2_1 Pin=R7-2
Added Pin To Net: NetName=NetC2_1 Pin=U1-2
Added Net: Name=NetC2_1
Added Pin To Net: NetName=NetC3_2 Pin=C3-2
Added Pin To Net: NetName=NetC3_2 Pin=C4-1
Added Pin To Net: NetName=NetC3_2 Pin=R14-2
Added Pin To Net: NetName=NetC3_2 Pin=R21-2
Added Net: Name=NetC3_2
Added Pin To Net: NetName=NetC4_2 Pin=C4-2
Added Pin To Net: NetName=NetC4_2 Pin=C5-1
Added Pin To Net: NetName=NetC4_2 Pin=R20-2
Added Net: Name=NetC4_2
Added Pin To Net: NetName=NetC5_2 Pin=C5-2
Added Pin To Net: NetName=NetC5_2 Pin=R15-1
Added Pin To Net: NetName=NetC5_2 Pin=U3-3
Added Net: Name=NetC5_2
Added Pin To Net: NetName=NetC6_1 Pin=C6-1
Added Pin To Net: NetName=NetC6_1 Pin=C13-1
Added Pin To Net: NetName=NetC6_1 Pin=R5-1
Added Pin To Net: NetName=NetC6_1 Pin=U2-7
Added Net: Name=NetC6_1
Added Pin To Net: NetName=NetC6_2 Pin=C6-2
Added Pin To Net: NetName=NetC6_2 Pin=R6-2
Added Pin To Net: NetName=NetC6_2 Pin=R9-1
Added Pin To Net: NetName=NetC6_2 Pin=R16-1
Added Net: Name=NetC6_2
Added Pin To Net: NetName=NetC7_1 Pin=C7-1
Added Pin To Net: NetName=NetC7_1 Pin=C12-1
Added Pin To Net: NetName=NetC7_1 Pin=D3-C
Added Pin To Net: NetName=NetC7_1 Pin=D4-A
Added Pin To Net: NetName=NetC7_1 Pin=R19-2
Added Pin To Net: NetName=NetC7_1 Pin=U1-3
Added Net: Name=NetC7_1
Added Pin To Net: NetName=NetC8_1 Pin=C8-1
Added Pin To Net: NetName=NetC8_1 Pin=U1-6
Added Net: Name=NetC8_1
Added Pin To Net: NetName=NetC8_2 Pin=C8-2
Added Pin To Net: NetName=NetC8_2 Pin=R17-2
Added Pin To Net: NetName=NetC8_2 Pin=U2-3
Added Net: Name=NetC8_2
Added Pin To Net: NetName=NetC9_1 Pin=C9-1
Added Pin To Net: NetName=NetC9_1 Pin=R22-2
Added Pin To Net: NetName=NetC9_1 Pin=U3-1
Added Pin To Net: NetName=NetC9_1 Pin=U3-2
Added Net: Name=NetC9_1
Added Pin To Net: NetName=NetC9_2 Pin=C9-2
Added Pin To Net: NetName=NetC9_2 Pin=R11-2
Added Pin To Net: NetName=NetC9_2 Pin=R18-2
Added Net: Name=NetC9_2
Added Pin To Net: NetName=NetC10_2 Pin=C10-2
Added Pin To Net: NetName=NetC10_2 Pin=R12-1
Added Pin To Net: NetName=NetC10_2 Pin=U2-5
Added Net: Name=NetC10_2
Added Pin To Net: NetName=NetC11_1 Pin=C11-1
Added Pin To Net: NetName=NetC11_1 Pin=R20-1
Added Pin To Net: NetName=NetC11_1 Pin=U3-6
Added Pin To Net: NetName=NetC11_1 Pin=U3-7
Added Net: Name=NetC11_1
Added Pin To Net: NetName=NetC11_2 Pin=C11-2
Added Pin To Net: NetName=NetC11_2 Pin=R14-1
Added Pin To Net: NetName=NetC11_2 Pin=R15-2
Added Net: Name=NetC11_2
Added Pin To Net: NetName=NetC13_2 Pin=C13-2
Added Pin To Net: NetName=NetC13_2 Pin=R11-1
Added Pin To Net: NetName=NetC13_2 Pin=R12-2
Added Net: Name=NetC13_2
Added Pin To Net: NetName=NetC14_1 Pin=C14-1
Added Pin To Net: NetName=NetC14_1 Pin=R25-1
Added Pin To Net: NetName=NetC14_1 Pin=R26-2
Added Pin To Net: NetName=NetC14_1 Pin=U5-2
Added Net: Name=NetC14_1
Added Pin To Net: NetName=NetC14_2 Pin=C14-2
Added Pin To Net: NetName=NetC14_2 Pin=C16-1
Added Pin To Net: NetName=NetC14_2 Pin=R26-1
Added Pin To Net: NetName=NetC14_2 Pin=U5-1
Added Net: Name=NetC14_2
Added Pin To Net: NetName=NetC15_1 Pin=C15-1
Added Pin To Net: NetName=NetC15_1 Pin=C20-2
Added Pin To Net: NetName=NetC15_1 Pin=D5-A
Added Pin To Net: NetName=NetC15_1 Pin=D6-C
Added Pin To Net: NetName=NetC15_1 Pin=R30-2
Added Pin To Net: NetName=NetC15_1 Pin=U4-2
Added Net: Name=NetC15_1
Added Pin To Net: NetName=NetC16_2 Pin=C16-2
Added Pin To Net: NetName=NetC16_2 Pin=C17-1
Added Pin To Net: NetName=NetC16_2 Pin=R37-2
Added Pin To Net: NetName=NetC16_2 Pin=R44-2
Added Net: Name=NetC16_2
Added Pin To Net: NetName=NetC17_2 Pin=C17-2
Added Pin To Net: NetName=NetC17_2 Pin=C18-1
Added Pin To Net: NetName=NetC17_2 Pin=R43-2
Added Net: Name=NetC17_2
Added Pin To Net: NetName=NetC18_2 Pin=C18-2
Added Pin To Net: NetName=NetC18_2 Pin=R38-1
Added Pin To Net: NetName=NetC18_2 Pin=U6-3
Added Net: Name=NetC18_2
Added Pin To Net: NetName=NetC19_1 Pin=C19-1
Added Pin To Net: NetName=NetC19_1 Pin=C26-1
Added Pin To Net: NetName=NetC19_1 Pin=R28-1
Added Pin To Net: NetName=NetC19_1 Pin=U5-7
Added Net: Name=NetC19_1
Added Pin To Net: NetName=NetC19_2 Pin=C19-2
Added Pin To Net: NetName=NetC19_2 Pin=R29-2
Added Pin To Net: NetName=NetC19_2 Pin=R32-1
Added Pin To Net: NetName=NetC19_2 Pin=R39-1
Added Net: Name=NetC19_2
Added Pin To Net: NetName=NetC20_1 Pin=C20-1
Added Pin To Net: NetName=NetC20_1 Pin=C25-1
Added Pin To Net: NetName=NetC20_1 Pin=D7-C
Added Pin To Net: NetName=NetC20_1 Pin=D8-A
Added Pin To Net: NetName=NetC20_1 Pin=R42-2
Added Pin To Net: NetName=NetC20_1 Pin=U4-3
Added Net: Name=NetC20_1
Added Pin To Net: NetName=NetC21_1 Pin=C21-1
Added Pin To Net: NetName=NetC21_1 Pin=U4-6
Added Net: Name=NetC21_1
Added Pin To Net: NetName=NetC21_2 Pin=C21-2
Added Pin To Net: NetName=NetC21_2 Pin=R40-2
Added Pin To Net: NetName=NetC21_2 Pin=U5-3
Added Net: Name=NetC21_2
Added Pin To Net: NetName=NetC22_1 Pin=C22-1
Added Pin To Net: NetName=NetC22_1 Pin=R45-2
Added Pin To Net: NetName=NetC22_1 Pin=U6-1
Added Pin To Net: NetName=NetC22_1 Pin=U6-2
Added Net: Name=NetC22_1
Added Pin To Net: NetName=NetC22_2 Pin=C22-2
Added Pin To Net: NetName=NetC22_2 Pin=R34-2
Added Pin To Net: NetName=NetC22_2 Pin=R41-2
Added Net: Name=NetC22_2
Added Pin To Net: NetName=NetC23_2 Pin=C23-2
Added Pin To Net: NetName=NetC23_2 Pin=R35-1
Added Pin To Net: NetName=NetC23_2 Pin=U5-5
Added Net: Name=NetC23_2
Added Pin To Net: NetName=NetC24_1 Pin=C24-1
Added Pin To Net: NetName=NetC24_1 Pin=R43-1
Added Pin To Net: NetName=NetC24_1 Pin=U6-6
Added Pin To Net: NetName=NetC24_1 Pin=U6-7
Added Net: Name=NetC24_1
Added Pin To Net: NetName=NetC24_2 Pin=C24-2
Added Pin To Net: NetName=NetC24_2 Pin=R37-1
Added Pin To Net: NetName=NetC24_2 Pin=R38-2
Added Net: Name=NetC24_2
Added Pin To Net: NetName=NetC26_2 Pin=C26-2
Added Pin To Net: NetName=NetC26_2 Pin=R34-1
Added Pin To Net: NetName=NetC26_2 Pin=R35-2
Added Net: Name=NetC26_2
Added Pin To Net: NetName=NetC27_1 Pin=C27-1
Added Pin To Net: NetName=NetC27_1 Pin=C28-2
Added Pin To Net: NetName=NetC27_1 Pin=R48-1
Added Pin To Net: NetName=NetC27_1 Pin=U7-7
Added Net: Name=NetC27_1
Added Pin To Net: NetName=NetC27_2 Pin=C27-2
Added Pin To Net: NetName=NetC27_2 Pin=R47-2
Added Pin To Net: NetName=NetC27_2 Pin=U7-6
Added Net: Name=NetC27_2
Added Pin To Net: NetName=NetC34_2 Pin=C34-2
Added Pin To Net: NetName=NetC34_2 Pin=IC1-3
Added Net: Name=NetC34_2
Added Pin To Net: NetName=NetD9_C Pin=D9-C
Added Pin To Net: NetName=NetD9_C Pin=IC1-2
Added Pin To Net: NetName=NetD9_C Pin=L1-2
Added Net: Name=NetD9_C
Added Pin To Net: NetName=NetIC1_1 Pin=IC1-1
Added Pin To Net: NetName=NetIC1_1 Pin=IC1-7
Added Pin To Net: NetName=NetIC1_1 Pin=IC1-8
Added Pin To Net: NetName=NetIC1_1 Pin=R53-2
Added Net: Name=NetIC1_1
Added Pin To Net: NetName=NetIC1_5 Pin=IC1-5
Added Pin To Net: NetName=NetIC1_5 Pin=R55-1
Added Pin To Net: NetName=NetIC1_5 Pin=R56-1
Added Net: Name=NetIC1_5
Added Pin To Net: NetName=NetJ1_2 Pin=J1-2
Added Pin To Net: NetName=NetJ1_2 Pin=R7-1
Added Net: Name=NetJ1_2
Added Pin To Net: NetName=NetJ1_3 Pin=J1-3
Added Pin To Net: NetName=NetJ1_3 Pin=R19-1
Added Net: Name=NetJ1_3
Added Pin To Net: NetName=NetJ2_2 Pin=J2-2
Added Pin To Net: NetName=NetJ2_2 Pin=R30-1
Added Net: Name=NetJ2_2
Added Pin To Net: NetName=NetJ2_3 Pin=J2-3
Added Pin To Net: NetName=NetJ2_3 Pin=R42-1
Added Net: Name=NetJ2_3
Added Pin To Net: NetName=NetR1_1 Pin=R1-1
Added Pin To Net: NetName=NetR1_1 Pin=R2-2
Added Pin To Net: NetName=NetR1_1 Pin=TRIM1-1
Added Net: Name=NetR1_1
Added Pin To Net: NetName=NetR4_1 Pin=R4-1
Added Pin To Net: NetName=NetR4_1 Pin=R5-2
Added Pin To Net: NetName=NetR4_1 Pin=U2-6
Added Net: Name=NetR4_1
Added Pin To Net: NetName=NetR8_2 Pin=R8-2
Added Pin To Net: NetName=NetR8_2 Pin=R10-2
Added Pin To Net: NetName=NetR8_2 Pin=U1-1
Added Net: Name=NetR8_2
Added Pin To Net: NetName=NetR10_1 Pin=R10-1
Added Pin To Net: NetName=NetR10_1 Pin=R13-2
Added Pin To Net: NetName=NetR10_1 Pin=U1-8
Added Net: Name=NetR10_1
Added Pin To Net: NetName=NetR22_1 Pin=R22-1
Added Pin To Net: NetName=NetR22_1 Pin=R23-1
Added Pin To Net: NetName=NetR22_1 Pin=U3-5
Added Net: Name=NetR22_1
Added Pin To Net: NetName=NetR24_1 Pin=R24-1
Added Pin To Net: NetName=NetR24_1 Pin=R25-2
Added Pin To Net: NetName=NetR24_1 Pin=TRIM2-1
Added Net: Name=NetR24_1
Added Pin To Net: NetName=NetR27_1 Pin=R27-1
Added Pin To Net: NetName=NetR27_1 Pin=R28-2
Added Pin To Net: NetName=NetR27_1 Pin=U5-6
Added Net: Name=NetR27_1
Added Pin To Net: NetName=NetR31_2 Pin=R31-2
Added Pin To Net: NetName=NetR31_2 Pin=R33-2
Added Pin To Net: NetName=NetR31_2 Pin=U4-1
Added Net: Name=NetR31_2
Added Pin To Net: NetName=NetR33_1 Pin=R33-1
Added Pin To Net: NetName=NetR33_1 Pin=R36-2
Added Pin To Net: NetName=NetR33_1 Pin=U4-8
Added Net: Name=NetR33_1
Added Pin To Net: NetName=NetR45_1 Pin=R45-1
Added Pin To Net: NetName=NetR45_1 Pin=R46-1
Added Pin To Net: NetName=NetR45_1 Pin=U6-5
Added Net: Name=NetR45_1
Added Pin To Net: NetName=NetR47_1 Pin=R47-1
Added Pin To Net: NetName=NetR47_1 Pin=U7-1
Added Pin To Net: NetName=NetR47_1 Pin=U7-2
Added Net: Name=NetR47_1
Added Pin To Net: NetName=Rg Pin=R8-1
Added Pin To Net: NetName=Rg Pin=R13-1
Added Pin To Net: NetName=Rg Pin=R31-1
Added Pin To Net: NetName=Rg Pin=R36-1
Added Pin To Net: NetName=Rg Pin=U7-3
Added Net: Name=Rg
Added Pin To Net: NetName=VSS Pin=C29-1
Added Pin To Net: NetName=VSS Pin=C30-1
Added Pin To Net: NetName=VSS Pin=C31-1
Added Pin To Net: NetName=VSS Pin=C32-1
Added Pin To Net: NetName=VSS Pin=C36-1
Added Pin To Net: NetName=VSS Pin=C37-2
Added Pin To Net: NetName=VSS Pin=C38-2
Added Pin To Net: NetName=VSS Pin=C39-2
Added Pin To Net: NetName=VSS Pin=R49-2
Added Pin To Net: NetName=VSS Pin=R50-2
Added Net: Name=VSS
Added Class: Name=EEG_main
Added Class: Name=EEG_Power_Connector
Added Room: Name=EEG_main
Added Room: Name=EEG_Power_Connector
