Removed Pin From Net: NetName=NetC4_2 Pin=C5-1
Removed Pin From Net: NetName=NetC5_2 Pin=R15-1
Removed Pin From Net: NetName=2.5Vref Pin=R23-2
Removed Pin From Net: NetName=filtered_EEG_2 Pin=R60-1
Removed Pin From Net: NetName=filtered_EEG_1 Pin=R61-1
Removed Pin From Net: NetName=root_EEG_1 Pin=TP2-P$1
Removed Pin From Net: NetName=NetC9_1 Pin=U3-2
Removed Pin From Net: NetName=NetC5_2 Pin=U3-3
Removed Member From Class: ClassName=EEG_main Member=C11
Change Component Comment : Designator=R22 Old Comment=1k New Comment=k
Change Component Comment : Designator=R17 Old Comment=1M New Comment=220k
Change Component Comment : Designator=R21 Old Comment=1M New Comment=220k
Change Component Comment : Designator=R20 Old Comment=5M New Comment=470k
Change Component Comment : Designator=R15 Old Comment=10M New Comment=22k
Change Component Comment : Designator=R14 Old Comment=10M New Comment=470k
Change Component Comment : Designator=R23 Old Comment=22k New Comment=100k
Change Component Comment : Designator=C4 Old Comment=270pF New Comment=120nF
Change Component Comment : Designator=C5 Old Comment=270pF New Comment=120nF
Change Component Comment : Designator=C3 Old Comment=470n New Comment=1uF
Change Component Comment : Designator=U2 Old Comment==Part Number New Comment=MCP602
Change Component Comment : Designator=U3 Old Comment==Part Number New Comment=MCP602
Change Component Comment : Designator=U5 Old Comment==Part Number New Comment=MCP602
Change Component Comment : Designator=U6 Old Comment==Part Number New Comment=MCP602
Change Component Comment : Designator=R60 Old Comment==Value New Comment=0R
Change Component Comment : Designator=R61 Old Comment==Value New Comment=0R
Change Component Comment : Designator=R9 Old Comment==Value New Comment=1k
Change Component Comment : Designator=C6 Old Comment==Value New Comment=1uF
Change Component Comment : Designator=C9 Old Comment==Value New Comment=1uF
Change Component Comment : Designator=R4 Old Comment==Value New Comment=10k
Change Component Comment : Designator=C10 Old Comment==Value New Comment=10nF
Change Component Comment : Designator=C13 Old Comment==Value New Comment=10nF
Change Component Comment : Designator=R11 Old Comment==Value New Comment=82k
Change Component Comment : Designator=R12 Old Comment==Value New Comment=82k
Change Component Comment : Designator=R5 Old Comment==Value New Comment=100k
Change Component Comment : Designator=R18 Old Comment==Value New Comment=220k
Change Component Comment : Designator=R6 Old Comment==Value New Comment=470k
Change Component Comment : Designator=R16 Old Comment==Value New Comment=470k
Change component parameters: Designator = "C3"; Footprint = "C0805 - rounded"; UniqueID = "\YCEHGQIT"
Change component parameters. Clean all parameters for all variants
Change component parameters (AddParameter): Name = "Part Number"; Value = ""; VariantName = "[No Variations]"
Change component parameters (AddParameter): Name = "Value"; Value = "1uF"; VariantName = "[No Variations]"
Change component parameters (AddParameter): Name = "Vendor"; Value = ""; VariantName = "[No Variations]"
Change component parameters: Designator = "C4"; Footprint = "C0805 - rounded"; UniqueID = "\JLKCDAET"
Change component parameters. Clean all parameters for all variants
Change component parameters (AddParameter): Name = "Part Number"; Value = ""; VariantName = "[No Variations]"
Change component parameters (AddParameter): Name = "Value"; Value = "120nF"; VariantName = "[No Variations]"
Change component parameters (AddParameter): Name = "Vendor"; Value = ""; VariantName = "[No Variations]"
Change component parameters: Designator = "C5"; Footprint = "C0805 - rounded"; UniqueID = "\DOQONBQY"
Change component parameters. Clean all parameters for all variants
Change component parameters (AddParameter): Name = "Part Number"; Value = ""; VariantName = "[No Variations]"
Change component parameters (AddParameter): Name = "Value"; Value = "120nF"; VariantName = "[No Variations]"
Change component parameters (AddParameter): Name = "Vendor"; Value = ""; VariantName = "[No Variations]"
Change component parameters: Designator = "C6"; Footprint = "C0805 - rounded"; UniqueID = "\OVDQHYMT"
Change component parameters. Clean all parameters for all variants
Change component parameters (AddParameter): Name = "Part Number"; Value = ""; VariantName = "[No Variations]"
Change component parameters (AddParameter): Name = "Value"; Value = "1uF"; VariantName = "[No Variations]"
Change component parameters (AddParameter): Name = "Vendor"; Value = ""; VariantName = "[No Variations]"
Change component parameters: Designator = "C9"; Footprint = "C0805 - rounded"; UniqueID = "\KJQZQSYB"
Change component parameters. Clean all parameters for all variants
Change component parameters (AddParameter): Name = "Part Number"; Value = ""; VariantName = "[No Variations]"
Change component parameters (AddParameter): Name = "Value"; Value = "1uF"; VariantName = "[No Variations]"
Change component parameters (AddParameter): Name = "Vendor"; Value = ""; VariantName = "[No Variations]"
Change component parameters: Designator = "C10"; Footprint = "C0805 - rounded"; UniqueID = "\TTDTPIUT"
Change component parameters. Clean all parameters for all variants
Change component parameters (AddParameter): Name = "Part Number"; Value = ""; VariantName = "[No Variations]"
Change component parameters (AddParameter): Name = "Value"; Value = "10nF"; VariantName = "[No Variations]"
Change component parameters (AddParameter): Name = "Vendor"; Value = ""; VariantName = "[No Variations]"
Change component parameters: Designator = "C13"; Footprint = "C0805 - rounded"; UniqueID = "\ENZUEFDD"
Change component parameters. Clean all parameters for all variants
Change component parameters (AddParameter): Name = "Part Number"; Value = ""; VariantName = "[No Variations]"
Change component parameters (AddParameter): Name = "Value"; Value = "10nF"; VariantName = "[No Variations]"
Change component parameters (AddParameter): Name = "Vendor"; Value = ""; VariantName = "[No Variations]"
Change component parameters: Designator = "R4"; Footprint = "R0805 - rounded"; UniqueID = "\TBDXOARJ"
Change component parameters. Clean all parameters for all variants
Change component parameters (AddParameter): Name = "Part Number"; Value = ""; VariantName = "[No Variations]"
Change component parameters (AddParameter): Name = "Value"; Value = "10k"; VariantName = "[No Variations]"
Change component parameters (AddParameter): Name = "Vendor"; Value = ""; VariantName = "[No Variations]"
Change component parameters: Designator = "R5"; Footprint = "R0805 - rounded"; UniqueID = "\YIBWZXKO"
Change component parameters. Clean all parameters for all variants
Change component parameters (AddParameter): Name = "Part Number"; Value = ""; VariantName = "[No Variations]"
Change component parameters (AddParameter): Name = "Value"; Value = "100k"; VariantName = "[No Variations]"
Change component parameters (AddParameter): Name = "Vendor"; Value = ""; VariantName = "[No Variations]"
Change component parameters: Designator = "R6"; Footprint = "R0805 - rounded"; UniqueID = "\RCOSSZMW"
Change component parameters. Clean all parameters for all variants
Change component parameters (AddParameter): Name = "Part Number"; Value = ""; VariantName = "[No Variations]"
Change component parameters (AddParameter): Name = "Value"; Value = "470k"; VariantName = "[No Variations]"
Change component parameters (AddParameter): Name = "Vendor"; Value = ""; VariantName = "[No Variations]"
Change component parameters: Designator = "R9"; Footprint = "R0805 - rounded"; UniqueID = "\LZHQHLZA"
Change component parameters. Clean all parameters for all variants
Change component parameters (AddParameter): Name = "Part Number"; Value = ""; VariantName = "[No Variations]"
Change component parameters (AddParameter): Name = "Value"; Value = "1k"; VariantName = "[No Variations]"
Change component parameters (AddParameter): Name = "Vendor"; Value = ""; VariantName = "[No Variations]"
Change component parameters: Designator = "R11"; Footprint = "R0805 - rounded"; UniqueID = "\JYVNOANI"
Change component parameters. Clean all parameters for all variants
Change component parameters (AddParameter): Name = "Part Number"; Value = ""; VariantName = "[No Variations]"
Change component parameters (AddParameter): Name = "Value"; Value = "82k"; VariantName = "[No Variations]"
Change component parameters (AddParameter): Name = "Vendor"; Value = ""; VariantName = "[No Variations]"
Change component parameters: Designator = "R12"; Footprint = "R0805 - rounded"; UniqueID = "\JDYVJVOI"
Change component parameters. Clean all parameters for all variants
Change component parameters (AddParameter): Name = "Part Number"; Value = ""; VariantName = "[No Variations]"
Change component parameters (AddParameter): Name = "Value"; Value = "82k"; VariantName = "[No Variations]"
Change component parameters (AddParameter): Name = "Vendor"; Value = ""; VariantName = "[No Variations]"
Change component parameters: Designator = "R14"; Footprint = "R0805 - rounded"; UniqueID = "\TKVLHZDW"
Change component parameters. Clean all parameters for all variants
Change component parameters (AddParameter): Name = "Part Number"; Value = ""; VariantName = "[No Variations]"
Change component parameters (AddParameter): Name = "Value"; Value = "470k"; VariantName = "[No Variations]"
Change component parameters (AddParameter): Name = "Vendor"; Value = ""; VariantName = "[No Variations]"
Change component parameters: Designator = "R15"; Footprint = "R0805 - rounded"; UniqueID = "\ORYONCEJ"
Change component parameters. Clean all parameters for all variants
Change component parameters (AddParameter): Name = "Part Number"; Value = ""; VariantName = "[No Variations]"
Change component parameters (AddParameter): Name = "Value"; Value = "22k"; VariantName = "[No Variations]"
Change component parameters (AddParameter): Name = "Vendor"; Value = ""; VariantName = "[No Variations]"
Change component parameters: Designator = "R16"; Footprint = "R0805 - rounded"; UniqueID = "\LQIZVWOK"
Change component parameters. Clean all parameters for all variants
Change component parameters (AddParameter): Name = "Part Number"; Value = ""; VariantName = "[No Variations]"
Change component parameters (AddParameter): Name = "Value"; Value = "470k"; VariantName = "[No Variations]"
Change component parameters (AddParameter): Name = "Vendor"; Value = ""; VariantName = "[No Variations]"
Change component parameters: Designator = "R17"; Footprint = "R0805 - rounded"; UniqueID = "\ZYJPWQUK"
Change component parameters. Clean all parameters for all variants
Change component parameters (AddParameter): Name = "Part Number"; Value = ""; VariantName = "[No Variations]"
Change component parameters (AddParameter): Name = "Value"; Value = "220k"; VariantName = "[No Variations]"
Change component parameters (AddParameter): Name = "Vendor"; Value = ""; VariantName = "[No Variations]"
Change component parameters: Designator = "R18"; Footprint = "R0805 - rounded"; UniqueID = "\YWMDFOZT"
Change component parameters. Clean all parameters for all variants
Change component parameters (AddParameter): Name = "Part Number"; Value = ""; VariantName = "[No Variations]"
Change component parameters (AddParameter): Name = "Value"; Value = "220k"; VariantName = "[No Variations]"
Change component parameters (AddParameter): Name = "Vendor"; Value = ""; VariantName = "[No Variations]"
Change component parameters: Designator = "R20"; Footprint = "R0805 - rounded"; UniqueID = "\HNJADWCV"
Change component parameters. Clean all parameters for all variants
Change component parameters (AddParameter): Name = "Part Number"; Value = ""; VariantName = "[No Variations]"
Change component parameters (AddParameter): Name = "Value"; Value = "470k"; VariantName = "[No Variations]"
Change component parameters (AddParameter): Name = "Vendor"; Value = ""; VariantName = "[No Variations]"
Change component parameters: Designator = "R21"; Footprint = "R0805 - rounded"; UniqueID = "\GFRHZVEK"
Change component parameters. Clean all parameters for all variants
Change component parameters (AddParameter): Name = "Part Number"; Value = ""; VariantName = "[No Variations]"
Change component parameters (AddParameter): Name = "Value"; Value = "220k"; VariantName = "[No Variations]"
Change component parameters (AddParameter): Name = "Vendor"; Value = ""; VariantName = "[No Variations]"
Change component parameters: Designator = "R22"; Footprint = "R0805 - rounded"; UniqueID = "\VMLYQODO"
Change component parameters. Clean all parameters for all variants
Change component parameters (AddParameter): Name = "Part Number"; Value = ""; VariantName = "[No Variations]"
Change component parameters (AddParameter): Name = "Value"; Value = "k"; VariantName = "[No Variations]"
Change component parameters (AddParameter): Name = "Vendor"; Value = ""; VariantName = "[No Variations]"
Change component parameters: Designator = "R23"; Footprint = "R0805 - rounded"; UniqueID = "\BNJCKXOR"
Change component parameters. Clean all parameters for all variants
Change component parameters (AddParameter): Name = "Part Number"; Value = ""; VariantName = "[No Variations]"
Change component parameters (AddParameter): Name = "Value"; Value = "100k"; VariantName = "[No Variations]"
Change component parameters (AddParameter): Name = "Vendor"; Value = ""; VariantName = "[No Variations]"
Change component parameters: Designator = "R60"; Footprint = "R0805 - rounded"; UniqueID = "\HEZKCLUY"
Change component parameters. Clean all parameters for all variants
Change component parameters (AddParameter): Name = "Part Number"; Value = ""; VariantName = "[No Variations]"
Change component parameters (AddParameter): Name = "Value"; Value = "0R"; VariantName = "[No Variations]"
Change component parameters (AddParameter): Name = "Vendor"; Value = ""; VariantName = "[No Variations]"
Change component parameters: Designator = "R61"; Footprint = "R0805 - rounded"; UniqueID = "\UZKSXJTB"
Change component parameters. Clean all parameters for all variants
Change component parameters (AddParameter): Name = "Part Number"; Value = ""; VariantName = "[No Variations]"
Change component parameters (AddParameter): Name = "Value"; Value = "0R"; VariantName = "[No Variations]"
Change component parameters (AddParameter): Name = "Vendor"; Value = ""; VariantName = "[No Variations]"
Change component parameters: Designator = "U2"; Footprint = "SOIC8"; UniqueID = "\IHUYMWKE"
Change component parameters. Clean all parameters for all variants
Change component parameters (AddParameter): Name = "Família"; Value = ""; VariantName = "[No Variations]"
Change component parameters (AddParameter): Name = "Part Number"; Value = "MCP602"; VariantName = "[No Variations]"
Change component parameters (AddParameter): Name = "Value"; Value = ""; VariantName = "[No Variations]"
Change component parameters (AddParameter): Name = "Vendor"; Value = "Microchip"; VariantName = "[No Variations]"
Change component parameters: Designator = "U3"; Footprint = "SOIC8"; UniqueID = "\IAHZHCRX"
Change component parameters. Clean all parameters for all variants
Change component parameters (AddParameter): Name = "Família"; Value = ""; VariantName = "[No Variations]"
Change component parameters (AddParameter): Name = "Part Number"; Value = "MCP602"; VariantName = "[No Variations]"
Change component parameters (AddParameter): Name = "Value"; Value = ""; VariantName = "[No Variations]"
Change component parameters (AddParameter): Name = "Vendor"; Value = "Microchip"; VariantName = "[No Variations]"
Change component parameters: Designator = "U5"; Footprint = "SOIC8"; UniqueID = "\BQDRWRIL"
Change component parameters. Clean all parameters for all variants
Change component parameters (AddParameter): Name = "Família"; Value = ""; VariantName = "[No Variations]"
Change component parameters (AddParameter): Name = "Part Number"; Value = "MCP602"; VariantName = "[No Variations]"
Change component parameters (AddParameter): Name = "Value"; Value = ""; VariantName = "[No Variations]"
Change component parameters (AddParameter): Name = "Vendor"; Value = "Microchip"; VariantName = "[No Variations]"
Change component parameters: Designator = "U6"; Footprint = "SOIC8"; UniqueID = "\URHNVKZC"
Change component parameters. Clean all parameters for all variants
Change component parameters (AddParameter): Name = "Família"; Value = ""; VariantName = "[No Variations]"
Change component parameters (AddParameter): Name = "Part Number"; Value = "MCP602"; VariantName = "[No Variations]"
Change component parameters (AddParameter): Name = "Value"; Value = ""; VariantName = "[No Variations]"
Change component parameters (AddParameter): Name = "Vendor"; Value = "Microchip"; VariantName = "[No Variations]"
Added Component: Designator=R?(R0805 - rounded)
Add component. Clean all parameters for all variants
Add component (AddParameter): Name = "Part Number"; Value = ""; VariantName = "[No Variations]"
Add component (AddParameter): Name = "Value"; Value = "22k"; VariantName = "[No Variations]"
Add component (AddParameter): Name = "Vendor"; Value = ""; VariantName = "[No Variations]"
Added Pin To Net: NetName=NetC4_2 Pin=R14-1
Added Pin To Net: NetName=NetC4_2 Pin=R15-1
Added Pin To Net: NetName=GND Pin=R20-1
Added Pin To Net: NetName=root_EEG_1 Pin=R23-2
Added Pin To Net: NetName=NetC22_2 Pin=R60-1
Added Pin To Net: NetName=NetC9_2 Pin=R61-1
Added Pin To Net: NetName=NetC5_2 Pin=R?-1
Added Pin To Net: NetName=NetC9_1 Pin=R?-2
Added Pin To Net: NetName=NetC5_2 Pin=U3-2
Added Pin To Net: NetName=NetC4_2 Pin=U3-3
Added Pin To Net: NetName=NetC5_2 Pin=U3-6
Change Net Name : Old Net Name=filtered_EEG_1 New Net Name=NetC6_2
Change Net Name : Old Net Name=filtered_EEG_2 New Net Name=NetC19_2
Change Net Name : Old Net Name=NetC9_2 New Net Name=filtered_EEG_1
Change Net Name : Old Net Name=NetC22_2 New Net Name=filtered_EEG_2
Added Pin To Net: NetName=NetC5_1 Pin=C5-1
Added Pin To Net: NetName=NetC5_1 Pin=R15-2
Added Pin To Net: NetName=NetC5_1 Pin=U3-7
Added Net: Name=NetC5_1
Added Member To Class: ClassName=EEG_main Member=Component R? 22k
