Removed Pin From Net: NetName=BT_STATE Pin=J3-1
Removed Pin From Net: NetName=BT_RX Pin=J3-2
Removed Pin From Net: NetName=BT_TX Pin=J3-3
Removed Pin From Net: NetName=GND Pin=J3-4
Removed Pin From Net: NetName=+3V3 Pin=J3-5
Removed Pin From Net: NetName=BT_EN Pin=J3-6
Removed Member From Class: ClassName=EEG_Power_Connector Member=J3
Change component parameters: Designator = "U1"; Footprint = "DIP8"; UniqueID = "\DMIVKPKQ"
Change component parameters. Clean all parameters for all variants
Change component parameters (AddParameter): Name = "Familia"; Value = ""; VariantName = "[No Variations]"
Change component parameters (AddParameter): Name = "Part Number"; Value = ""; VariantName = "[No Variations]"
Change component parameters (AddParameter): Name = "Value"; Value = ""; VariantName = "[No Variations]"
Change component parameters (AddParameter): Name = "Vendor"; Value = ""; VariantName = "[No Variations]"
Change component parameters: Designator = "U2"; Footprint = "DIP8"; UniqueID = "\IHUYMWKE"
Change component parameters. Clean all parameters for all variants
Change component parameters (AddParameter): Name = "Familia"; Value = ""; VariantName = "[No Variations]"
Change component parameters (AddParameter): Name = "Part Number"; Value = ""; VariantName = "[No Variations]"
Change component parameters (AddParameter): Name = "Value"; Value = ""; VariantName = "[No Variations]"
Change component parameters (AddParameter): Name = "Vendor"; Value = ""; VariantName = "[No Variations]"
Change component parameters: Designator = "U3"; Footprint = "DIP8"; UniqueID = "\IAHZHCRX"
Change component parameters. Clean all parameters for all variants
Change component parameters (AddParameter): Name = "Familia"; Value = ""; VariantName = "[No Variations]"
Change component parameters (AddParameter): Name = "Part Number"; Value = ""; VariantName = "[No Variations]"
Change component parameters (AddParameter): Name = "Value"; Value = ""; VariantName = "[No Variations]"
Change component parameters (AddParameter): Name = "Vendor"; Value = ""; VariantName = "[No Variations]"
Change component parameters: Designator = "U4"; Footprint = "DIP8"; UniqueID = "\TDRAMDZO"
Change component parameters. Clean all parameters for all variants
Change component parameters (AddParameter): Name = "Familia"; Value = ""; VariantName = "[No Variations]"
Change component parameters (AddParameter): Name = "Part Number"; Value = ""; VariantName = "[No Variations]"
Change component parameters (AddParameter): Name = "Value"; Value = ""; VariantName = "[No Variations]"
Change component parameters (AddParameter): Name = "Vendor"; Value = ""; VariantName = "[No Variations]"
Change component parameters: Designator = "U5"; Footprint = "DIP8"; UniqueID = "\BQDRWRIL"
Change component parameters. Clean all parameters for all variants
Change component parameters (AddParameter): Name = "Familia"; Value = ""; VariantName = "[No Variations]"
Change component parameters (AddParameter): Name = "Part Number"; Value = ""; VariantName = "[No Variations]"
Change component parameters (AddParameter): Name = "Value"; Value = ""; VariantName = "[No Variations]"
Change component parameters (AddParameter): Name = "Vendor"; Value = ""; VariantName = "[No Variations]"
Change component parameters: Designator = "U6"; Footprint = "DIP8"; UniqueID = "\URHNVKZC"
Change component parameters. Clean all parameters for all variants
Change component parameters (AddParameter): Name = "Familia"; Value = ""; VariantName = "[No Variations]"
Change component parameters (AddParameter): Name = "Part Number"; Value = ""; VariantName = "[No Variations]"
Change component parameters (AddParameter): Name = "Value"; Value = ""; VariantName = "[No Variations]"
Change component parameters (AddParameter): Name = "Vendor"; Value = ""; VariantName = "[No Variations]"
Change component parameters: Designator = "U7"; Footprint = "DIP8"; UniqueID = "\TRXMRSIH"
Change component parameters. Clean all parameters for all variants
Change component parameters (AddParameter): Name = "Familia"; Value = ""; VariantName = "[No Variations]"
Change component parameters (AddParameter): Name = "Part Number"; Value = ""; VariantName = "[No Variations]"
Change component parameters (AddParameter): Name = "Value"; Value = ""; VariantName = "[No Variations]"
Change component parameters (AddParameter): Name = "Vendor"; Value = ""; VariantName = "[No Variations]"
Change component parameters: Designator = "U8"; Footprint = "TO92 - TL431"; UniqueID = "\MGZUDEBE"
Change component parameters. Clean all parameters for all variants
Change component parameters (AddParameter): Name = "Familia"; Value = ""; VariantName = "[No Variations]"
Change component parameters (AddParameter): Name = "Part Number"; Value = "TL431"; VariantName = "[No Variations]"
Change component parameters (AddParameter): Name = "Value"; Value = ""; VariantName = "[No Variations]"
Change component parameters (AddParameter): Name = "Vendor"; Value = ""; VariantName = "[No Variations]"
Added Component: Designator=U9(HC-05/6 - upside down)
Add component. Clean all parameters for all variants
Add component (AddParameter): Name = "Part Number"; Value = "HC-05/6"; VariantName = "[No Variations]"
Add component (AddParameter): Name = "Value"; Value = ""; VariantName = "[No Variations]"
Add component (AddParameter): Name = "Vendor"; Value = ""; VariantName = "[No Variations]"
Added Pin To Net: NetName=BT_STATE Pin=U9-1
Added Pin To Net: NetName=BT_RX Pin=U9-2
Added Pin To Net: NetName=BT_TX Pin=U9-3
Added Pin To Net: NetName=GND Pin=U9-4
Added Pin To Net: NetName=+3V3 Pin=U9-5
Added Pin To Net: NetName=BT_EN Pin=U9-6
Added Member To Class: ClassName=EEG_Power_Connector Member=Component U9 HC-05/6
