Removed Pin From Net: NetName=-5V Pin=D2-A
Removed Pin From Net: NetName=-5V Pin=D3-A
Change component parameters: Designator = "TP1"; Footprint = "PAD.03X.03"; UniqueID = "\BMWEELFO"
Change component parameters. Clean all parameters for all variants
Change component parameters (AddParameter): Name = "Familia"; Value = ""; VariantName = "[No Variations]"
Change component parameters (AddParameter): Name = "Part Number"; Value = ""; VariantName = "[No Variations]"
Change component parameters (AddParameter): Name = "Value"; Value = ""; VariantName = "[No Variations]"
Change component parameters (AddParameter): Name = "Vendor"; Value = ""; VariantName = "[No Variations]"
Change component parameters: Designator = "TP2"; Footprint = "PAD.03X.03"; UniqueID = "\MITGAPJW"
Change component parameters. Clean all parameters for all variants
Change component parameters (AddParameter): Name = "Familia"; Value = ""; VariantName = "[No Variations]"
Change component parameters (AddParameter): Name = "Part Number"; Value = ""; VariantName = "[No Variations]"
Change component parameters (AddParameter): Name = "Value"; Value = ""; VariantName = "[No Variations]"
Change component parameters (AddParameter): Name = "Vendor"; Value = ""; VariantName = "[No Variations]"
Change component parameters: Designator = "TP3"; Footprint = "PAD.03X.03"; UniqueID = "\XJEVGVBZ"
Change component parameters. Clean all parameters for all variants
Change component parameters (AddParameter): Name = "Familia"; Value = ""; VariantName = "[No Variations]"
Change component parameters (AddParameter): Name = "Part Number"; Value = ""; VariantName = "[No Variations]"
Change component parameters (AddParameter): Name = "Value"; Value = ""; VariantName = "[No Variations]"
Change component parameters (AddParameter): Name = "Vendor"; Value = ""; VariantName = "[No Variations]"
Change component parameters: Designator = "TP4"; Footprint = "PAD.03X.03"; UniqueID = "\OHFEEYVX"
Change component parameters. Clean all parameters for all variants
Change component parameters (AddParameter): Name = "Familia"; Value = ""; VariantName = "[No Variations]"
Change component parameters (AddParameter): Name = "Part Number"; Value = ""; VariantName = "[No Variations]"
Change component parameters (AddParameter): Name = "Value"; Value = ""; VariantName = "[No Variations]"
Change component parameters (AddParameter): Name = "Vendor"; Value = ""; VariantName = "[No Variations]"
Change component parameters: Designator = "TP5"; Footprint = "PAD.03X.03"; UniqueID = "\RKDYWXHZ"
Change component parameters. Clean all parameters for all variants
Change component parameters (AddParameter): Name = "Familia"; Value = ""; VariantName = "[No Variations]"
Change component parameters (AddParameter): Name = "Part Number"; Value = ""; VariantName = "[No Variations]"
Change component parameters (AddParameter): Name = "Value"; Value = ""; VariantName = "[No Variations]"
Change component parameters (AddParameter): Name = "Vendor"; Value = ""; VariantName = "[No Variations]"
Change component parameters: Designator = "TP6"; Footprint = "PAD.03X.03"; UniqueID = "\JOECSNTN"
Change component parameters. Clean all parameters for all variants
Change component parameters (AddParameter): Name = "Familia"; Value = ""; VariantName = "[No Variations]"
Change component parameters (AddParameter): Name = "Part Number"; Value = ""; VariantName = "[No Variations]"
Change component parameters (AddParameter): Name = "Value"; Value = ""; VariantName = "[No Variations]"
Change component parameters (AddParameter): Name = "Vendor"; Value = ""; VariantName = "[No Variations]"
Change component parameters: Designator = "TP7"; Footprint = "PAD.03X.03"; UniqueID = "\GXAGNQNE"
Change component parameters. Clean all parameters for all variants
Change component parameters (AddParameter): Name = "Familia"; Value = ""; VariantName = "[No Variations]"
Change component parameters (AddParameter): Name = "Part Number"; Value = ""; VariantName = "[No Variations]"
Change component parameters (AddParameter): Name = "Value"; Value = ""; VariantName = "[No Variations]"
Change component parameters (AddParameter): Name = "Vendor"; Value = ""; VariantName = "[No Variations]"
Change component parameters: Designator = "TP8"; Footprint = "PAD.03X.03"; UniqueID = "\FXAYMAPE"
Change component parameters. Clean all parameters for all variants
Change component parameters (AddParameter): Name = "Familia"; Value = ""; VariantName = "[No Variations]"
Change component parameters (AddParameter): Name = "Part Number"; Value = ""; VariantName = "[No Variations]"
Change component parameters (AddParameter): Name = "Value"; Value = ""; VariantName = "[No Variations]"
Change component parameters (AddParameter): Name = "Vendor"; Value = ""; VariantName = "[No Variations]"
Change component parameters: Designator = "TP9"; Footprint = "PAD.03X.03"; UniqueID = "\HUHYMPSG"
Change component parameters. Clean all parameters for all variants
Change component parameters (AddParameter): Name = "Familia"; Value = ""; VariantName = "[No Variations]"
Change component parameters (AddParameter): Name = "Part Number"; Value = ""; VariantName = "[No Variations]"
Change component parameters (AddParameter): Name = "Value"; Value = ""; VariantName = "[No Variations]"
Change component parameters (AddParameter): Name = "Vendor"; Value = ""; VariantName = "[No Variations]"
Change component parameters: Designator = "TP10"; Footprint = "PAD.03X.03"; UniqueID = "\EFCXQNRE"
Change component parameters. Clean all parameters for all variants
Change component parameters (AddParameter): Name = "Familia"; Value = ""; VariantName = "[No Variations]"
Change component parameters (AddParameter): Name = "Part Number"; Value = ""; VariantName = "[No Variations]"
Change component parameters (AddParameter): Name = "Value"; Value = ""; VariantName = "[No Variations]"
Change component parameters (AddParameter): Name = "Vendor"; Value = ""; VariantName = "[No Variations]"
Change component parameters: Designator = "U1"; Footprint = "DIP8"; UniqueID = "\DMIVKPKQ"
Change component parameters. Clean all parameters for all variants
Change component parameters (AddParameter): Name = "Familia"; Value = ""; VariantName = "[No Variations]"
Change component parameters (AddParameter): Name = "Part Number"; Value = ""; VariantName = "[No Variations]"
Change component parameters (AddParameter): Name = "Value"; Value = ""; VariantName = "[No Variations]"
Change component parameters (AddParameter): Name = "Vendor"; Value = ""; VariantName = "[No Variations]"
Change component parameters: Designator = "U2"; Footprint = "DIP8"; UniqueID = "\IHUYMWKE"
Change component parameters. Clean all parameters for all variants
Change component parameters (AddParameter): Name = "Familia"; Value = ""; VariantName = "[No Variations]"
Change component parameters (AddParameter): Name = "Part Number"; Value = ""; VariantName = "[No Variations]"
Change component parameters (AddParameter): Name = "Value"; Value = ""; VariantName = "[No Variations]"
Change component parameters (AddParameter): Name = "Vendor"; Value = ""; VariantName = "[No Variations]"
Change component parameters: Designator = "U3"; Footprint = "DIP8"; UniqueID = "\IAHZHCRX"
Change component parameters. Clean all parameters for all variants
Change component parameters (AddParameter): Name = "Familia"; Value = ""; VariantName = "[No Variations]"
Change component parameters (AddParameter): Name = "Part Number"; Value = ""; VariantName = "[No Variations]"
Change component parameters (AddParameter): Name = "Value"; Value = ""; VariantName = "[No Variations]"
Change component parameters (AddParameter): Name = "Vendor"; Value = ""; VariantName = "[No Variations]"
Change component parameters: Designator = "U4"; Footprint = "DIP8"; UniqueID = "\TDRAMDZO"
Change component parameters. Clean all parameters for all variants
Change component parameters (AddParameter): Name = "Familia"; Value = ""; VariantName = "[No Variations]"
Change component parameters (AddParameter): Name = "Part Number"; Value = ""; VariantName = "[No Variations]"
Change component parameters (AddParameter): Name = "Value"; Value = ""; VariantName = "[No Variations]"
Change component parameters (AddParameter): Name = "Vendor"; Value = ""; VariantName = "[No Variations]"
Change component parameters: Designator = "U5"; Footprint = "DIP8"; UniqueID = "\BQDRWRIL"
Change component parameters. Clean all parameters for all variants
Change component parameters (AddParameter): Name = "Familia"; Value = ""; VariantName = "[No Variations]"
Change component parameters (AddParameter): Name = "Part Number"; Value = ""; VariantName = "[No Variations]"
Change component parameters (AddParameter): Name = "Value"; Value = ""; VariantName = "[No Variations]"
Change component parameters (AddParameter): Name = "Vendor"; Value = ""; VariantName = "[No Variations]"
Change component parameters: Designator = "U6"; Footprint = "DIP8"; UniqueID = "\URHNVKZC"
Change component parameters. Clean all parameters for all variants
Change component parameters (AddParameter): Name = "Familia"; Value = ""; VariantName = "[No Variations]"
Change component parameters (AddParameter): Name = "Part Number"; Value = ""; VariantName = "[No Variations]"
Change component parameters (AddParameter): Name = "Value"; Value = ""; VariantName = "[No Variations]"
Change component parameters (AddParameter): Name = "Vendor"; Value = ""; VariantName = "[No Variations]"
Change component parameters: Designator = "U7"; Footprint = "DIP8"; UniqueID = "\TRXMRSIH"
Change component parameters. Clean all parameters for all variants
Change component parameters (AddParameter): Name = "Familia"; Value = ""; VariantName = "[No Variations]"
Change component parameters (AddParameter): Name = "Part Number"; Value = ""; VariantName = "[No Variations]"
Change component parameters (AddParameter): Name = "Value"; Value = ""; VariantName = "[No Variations]"
Change component parameters (AddParameter): Name = "Vendor"; Value = ""; VariantName = "[No Variations]"
Change component parameters: Designator = "U8"; Footprint = "TO92 - TL431"; UniqueID = "\MGZUDEBE"
Change component parameters. Clean all parameters for all variants
Change component parameters (AddParameter): Name = "Familia"; Value = ""; VariantName = "[No Variations]"
Change component parameters (AddParameter): Name = "Part Number"; Value = "TL431"; VariantName = "[No Variations]"
Change component parameters (AddParameter): Name = "Value"; Value = ""; VariantName = "[No Variations]"
Change component parameters (AddParameter): Name = "Vendor"; Value = ""; VariantName = "[No Variations]"
Added Component: Designator=C55(C0805 - rounded)
Add component. Clean all parameters for all variants
Add component (AddParameter): Name = "Part Number"; Value = ""; VariantName = "[No Variations]"
Add component (AddParameter): Name = "Value"; Value = "100nF"; VariantName = "[No Variations]"
Add component (AddParameter): Name = "Vendor"; Value = ""; VariantName = "[No Variations]"
Added Component: Designator=C56(C0805 - rounded)
Add component. Clean all parameters for all variants
Add component (AddParameter): Name = "Part Number"; Value = ""; VariantName = "[No Variations]"
Add component (AddParameter): Name = "Value"; Value = "100nF"; VariantName = "[No Variations]"
Add component (AddParameter): Name = "Vendor"; Value = ""; VariantName = "[No Variations]"
Added Pin To Net: NetName=+3V3 Pin=C55-1
Added Pin To Net: NetName=GND Pin=C55-2
Added Pin To Net: NetName=+3V3 Pin=C56-1
Added Pin To Net: NetName=GND Pin=C56-2
Added Pin To Net: NetName=VSS Pin=D2-A
Added Pin To Net: NetName=VSS Pin=D3-A
Added Member To Class: ClassName=EEG_Power_Connector_ESP32 Member=Component C55 100nF
Added Member To Class: ClassName=EEG_Power_Connector_ESP32 Member=Component C56 100nF
