Removed Pin From Net: NetName=GND Pin=A1-4
Removed Pin From Net: NetName=+3V3 Pin=A1-17
Removed Pin From Net: NetName=ADS_SDA Pin=A1-23
Removed Pin From Net: NetName=ADS_SCL Pin=A1-24
Removed Pin From Net: NetName=+5V Pin=A1-27
Removed Pin From Net: NetName=GND Pin=A1-29
Removed Pin From Net: NetName=GND Pin=A3-4
Removed Pin From Net: NetName=+3V3 Pin=A3-5
Removed Pin From Net: NetName=+3V3 Pin=C56-1
Removed Pin From Net: NetName=GND Pin=C56-2
Removed Pin From Net: NetName=NetC1_1 Pin=R2-1
Removed Pin From Net: NetName=NetC14_1 Pin=R25-1
Removed Member From Class: ClassName=EEG_Power_Connector_ESP32 Member=A1
Removed Member From Class: ClassName=EEG_Power_Connector_ESP32 Member=A3
Removed Member From Class: ClassName=EEG_Power_Connector_ESP32 Member=C56
Removed Member From Class: ClassName=EEG_main Member=R2
Removed Member From Class: ClassName=EEG_main Member=R25
Change Component Comment : Designator=R22 Old Comment==Value New Comment=1k
Change Component Comment : Designator=R17 Old Comment==Value New Comment=1M
Change Component Comment : Designator=R21 Old Comment==Value New Comment=1M
Change Component Comment : Designator=R20 Old Comment==Value New Comment=5M
Change Component Comment : Designator=R1 Old Comment==Value New Comment=10k
Change Component Comment : Designator=R14 Old Comment==Value New Comment=10M
Change Component Comment : Designator=R15 Old Comment==Value New Comment=10M
Change Component Comment : Designator=C1 Old Comment==Value New Comment=10nF
Change Component Comment : Designator=R23 Old Comment==Value New Comment=22k
Change Component Comment : Designator=R3 Old Comment==Value New Comment=100k
Change Component Comment : Designator=C4 Old Comment==Value New Comment=270pF
Change Component Comment : Designator=C5 Old Comment==Value New Comment=270pF
Change Component Comment : Designator=C3 Old Comment==Value New Comment=470n
Change Component Comment : Designator=C8 Old Comment==Value New Comment=470n
Change Component Comment : Designator=C11 Old Comment==Value New Comment=510pF
Change Component Description : Designator=U1 Old Description=50-£gV Offset, 7-nV/¡ÔHz Noise, Low-Power, Precision Instrumentation Amplifier New Description=50-µV Offset, 7-nV/vHz Noise, Low-Power, Precision Instrumentation Amplifier
Change Component Description : Designator=U4 Old Description=50-£gV Offset, 7-nV/¡ÔHz Noise, Low-Power, Precision Instrumentation Amplifier New Description=50-µV Offset, 7-nV/vHz Noise, Low-Power, Precision Instrumentation Amplifier
Change component parameters: Designator = "C1"; Footprint = "C0805 - rounded"; UniqueID = "\STCUBSCG"
Change component parameters. Clean all parameters for all variants
Change component parameters (AddParameter): Name = "Part Number"; Value = ""; VariantName = "[No Variations]"
Change component parameters (AddParameter): Name = "Value"; Value = "10nF"; VariantName = "[No Variations]"
Change component parameters (AddParameter): Name = "Vendor"; Value = ""; VariantName = "[No Variations]"
Change component parameters: Designator = "C3"; Footprint = "C0805 - rounded"; UniqueID = "\YCEHGQIT"
Change component parameters. Clean all parameters for all variants
Change component parameters (AddParameter): Name = "Part Number"; Value = ""; VariantName = "[No Variations]"
Change component parameters (AddParameter): Name = "Value"; Value = "470n"; VariantName = "[No Variations]"
Change component parameters (AddParameter): Name = "Vendor"; Value = ""; VariantName = "[No Variations]"
Change component parameters: Designator = "C4"; Footprint = "C0805 - rounded"; UniqueID = "\JLKCDAET"
Change component parameters. Clean all parameters for all variants
Change component parameters (AddParameter): Name = "Part Number"; Value = ""; VariantName = "[No Variations]"
Change component parameters (AddParameter): Name = "Value"; Value = "270pF"; VariantName = "[No Variations]"
Change component parameters (AddParameter): Name = "Vendor"; Value = ""; VariantName = "[No Variations]"
Change component parameters: Designator = "C5"; Footprint = "C0805 - rounded"; UniqueID = "\DOQONBQY"
Change component parameters. Clean all parameters for all variants
Change component parameters (AddParameter): Name = "Part Number"; Value = ""; VariantName = "[No Variations]"
Change component parameters (AddParameter): Name = "Value"; Value = "270pF"; VariantName = "[No Variations]"
Change component parameters (AddParameter): Name = "Vendor"; Value = ""; VariantName = "[No Variations]"
Change component parameters: Designator = "C8"; Footprint = "C0805 - rounded"; UniqueID = "\VEYNWZAZ"
Change component parameters. Clean all parameters for all variants
Change component parameters (AddParameter): Name = "Part Number"; Value = ""; VariantName = "[No Variations]"
Change component parameters (AddParameter): Name = "Value"; Value = "470n"; VariantName = "[No Variations]"
Change component parameters (AddParameter): Name = "Vendor"; Value = ""; VariantName = "[No Variations]"
Change component parameters: Designator = "C11"; Footprint = "C0805 - rounded"; UniqueID = "\NTYODCGW"
Change component parameters. Clean all parameters for all variants
Change component parameters (AddParameter): Name = "Part Number"; Value = ""; VariantName = "[No Variations]"
Change component parameters (AddParameter): Name = "Value"; Value = "510pF"; VariantName = "[No Variations]"
Change component parameters (AddParameter): Name = "Vendor"; Value = ""; VariantName = "[No Variations]"
Change component parameters: Designator = "R1"; Footprint = "R0805 - rounded"; UniqueID = "\DPWKBVGM"
Change component parameters. Clean all parameters for all variants
Change component parameters (AddParameter): Name = "Part Number"; Value = ""; VariantName = "[No Variations]"
Change component parameters (AddParameter): Name = "Value"; Value = "10k"; VariantName = "[No Variations]"
Change component parameters (AddParameter): Name = "Vendor"; Value = ""; VariantName = "[No Variations]"
Change component parameters: Designator = "R3"; Footprint = "R0805 - rounded"; UniqueID = "\ESYATOQX"
Change component parameters. Clean all parameters for all variants
Change component parameters (AddParameter): Name = "Part Number"; Value = ""; VariantName = "[No Variations]"
Change component parameters (AddParameter): Name = "Value"; Value = "100k"; VariantName = "[No Variations]"
Change component parameters (AddParameter): Name = "Vendor"; Value = ""; VariantName = "[No Variations]"
Change component parameters: Designator = "R14"; Footprint = "R0805 - rounded"; UniqueID = "\TKVLHZDW"
Change component parameters. Clean all parameters for all variants
Change component parameters (AddParameter): Name = "Part Number"; Value = ""; VariantName = "[No Variations]"
Change component parameters (AddParameter): Name = "Value"; Value = "10M"; VariantName = "[No Variations]"
Change component parameters (AddParameter): Name = "Vendor"; Value = ""; VariantName = "[No Variations]"
Change component parameters: Designator = "R15"; Footprint = "R0805 - rounded"; UniqueID = "\ORYONCEJ"
Change component parameters. Clean all parameters for all variants
Change component parameters (AddParameter): Name = "Part Number"; Value = ""; VariantName = "[No Variations]"
Change component parameters (AddParameter): Name = "Value"; Value = "10M"; VariantName = "[No Variations]"
Change component parameters (AddParameter): Name = "Vendor"; Value = ""; VariantName = "[No Variations]"
Change component parameters: Designator = "R17"; Footprint = "R0805 - rounded"; UniqueID = "\ZYJPWQUK"
Change component parameters. Clean all parameters for all variants
Change component parameters (AddParameter): Name = "Part Number"; Value = ""; VariantName = "[No Variations]"
Change component parameters (AddParameter): Name = "Value"; Value = "1M"; VariantName = "[No Variations]"
Change component parameters (AddParameter): Name = "Vendor"; Value = ""; VariantName = "[No Variations]"
Change component parameters: Designator = "R20"; Footprint = "R0805 - rounded"; UniqueID = "\HNJADWCV"
Change component parameters. Clean all parameters for all variants
Change component parameters (AddParameter): Name = "Part Number"; Value = ""; VariantName = "[No Variations]"
Change component parameters (AddParameter): Name = "Value"; Value = "5M"; VariantName = "[No Variations]"
Change component parameters (AddParameter): Name = "Vendor"; Value = ""; VariantName = "[No Variations]"
Change component parameters: Designator = "R21"; Footprint = "R0805 - rounded"; UniqueID = "\GFRHZVEK"
Change component parameters. Clean all parameters for all variants
Change component parameters (AddParameter): Name = "Part Number"; Value = ""; VariantName = "[No Variations]"
Change component parameters (AddParameter): Name = "Value"; Value = "1M"; VariantName = "[No Variations]"
Change component parameters (AddParameter): Name = "Vendor"; Value = ""; VariantName = "[No Variations]"
Change component parameters: Designator = "R22"; Footprint = "R0805 - rounded"; UniqueID = "\VMLYQODO"
Change component parameters. Clean all parameters for all variants
Change component parameters (AddParameter): Name = "Part Number"; Value = ""; VariantName = "[No Variations]"
Change component parameters (AddParameter): Name = "Value"; Value = "1k"; VariantName = "[No Variations]"
Change component parameters (AddParameter): Name = "Vendor"; Value = ""; VariantName = "[No Variations]"
Change component parameters: Designator = "R23"; Footprint = "R0805 - rounded"; UniqueID = "\BNJCKXOR"
Change component parameters. Clean all parameters for all variants
Change component parameters (AddParameter): Name = "Part Number"; Value = ""; VariantName = "[No Variations]"
Change component parameters (AddParameter): Name = "Value"; Value = "22k"; VariantName = "[No Variations]"
Change component parameters (AddParameter): Name = "Vendor"; Value = ""; VariantName = "[No Variations]"
Change component parameters: Designator = "TP1"; Footprint = "PAD.03X.03"; UniqueID = "\BMWEELFO"
Change component parameters. Clean all parameters for all variants
Change component parameters (AddParameter): Name = "Família"; Value = ""; VariantName = "[No Variations]"
Change component parameters (AddParameter): Name = "Part Number"; Value = ""; VariantName = "[No Variations]"
Change component parameters (AddParameter): Name = "Value"; Value = ""; VariantName = "[No Variations]"
Change component parameters (AddParameter): Name = "Vendor"; Value = ""; VariantName = "[No Variations]"
Change component parameters: Designator = "TP2"; Footprint = "PAD.03X.03"; UniqueID = "\MITGAPJW"
Change component parameters. Clean all parameters for all variants
Change component parameters (AddParameter): Name = "Família"; Value = ""; VariantName = "[No Variations]"
Change component parameters (AddParameter): Name = "Part Number"; Value = ""; VariantName = "[No Variations]"
Change component parameters (AddParameter): Name = "Value"; Value = ""; VariantName = "[No Variations]"
Change component parameters (AddParameter): Name = "Vendor"; Value = ""; VariantName = "[No Variations]"
Change component parameters: Designator = "TP3"; Footprint = "PAD.03X.03"; UniqueID = "\XJEVGVBZ"
Change component parameters. Clean all parameters for all variants
Change component parameters (AddParameter): Name = "Família"; Value = ""; VariantName = "[No Variations]"
Change component parameters (AddParameter): Name = "Part Number"; Value = ""; VariantName = "[No Variations]"
Change component parameters (AddParameter): Name = "Value"; Value = ""; VariantName = "[No Variations]"
Change component parameters (AddParameter): Name = "Vendor"; Value = ""; VariantName = "[No Variations]"
Change component parameters: Designator = "TP4"; Footprint = "PAD.03X.03"; UniqueID = "\OHFEEYVX"
Change component parameters. Clean all parameters for all variants
Change component parameters (AddParameter): Name = "Família"; Value = ""; VariantName = "[No Variations]"
Change component parameters (AddParameter): Name = "Part Number"; Value = ""; VariantName = "[No Variations]"
Change component parameters (AddParameter): Name = "Value"; Value = ""; VariantName = "[No Variations]"
Change component parameters (AddParameter): Name = "Vendor"; Value = ""; VariantName = "[No Variations]"
Change component parameters: Designator = "TP5"; Footprint = "PAD.03X.03"; UniqueID = "\RKDYWXHZ"
Change component parameters. Clean all parameters for all variants
Change component parameters (AddParameter): Name = "Família"; Value = ""; VariantName = "[No Variations]"
Change component parameters (AddParameter): Name = "Part Number"; Value = ""; VariantName = "[No Variations]"
Change component parameters (AddParameter): Name = "Value"; Value = ""; VariantName = "[No Variations]"
Change component parameters (AddParameter): Name = "Vendor"; Value = ""; VariantName = "[No Variations]"
Change component parameters: Designator = "TP6"; Footprint = "PAD.03X.03"; UniqueID = "\JOECSNTN"
Change component parameters. Clean all parameters for all variants
Change component parameters (AddParameter): Name = "Família"; Value = ""; VariantName = "[No Variations]"
Change component parameters (AddParameter): Name = "Part Number"; Value = ""; VariantName = "[No Variations]"
Change component parameters (AddParameter): Name = "Value"; Value = ""; VariantName = "[No Variations]"
Change component parameters (AddParameter): Name = "Vendor"; Value = ""; VariantName = "[No Variations]"
Change component parameters: Designator = "TP7"; Footprint = "PAD.03X.03"; UniqueID = "\GXAGNQNE"
Change component parameters. Clean all parameters for all variants
Change component parameters (AddParameter): Name = "Família"; Value = ""; VariantName = "[No Variations]"
Change component parameters (AddParameter): Name = "Part Number"; Value = ""; VariantName = "[No Variations]"
Change component parameters (AddParameter): Name = "Value"; Value = ""; VariantName = "[No Variations]"
Change component parameters (AddParameter): Name = "Vendor"; Value = ""; VariantName = "[No Variations]"
Change component parameters: Designator = "TP8"; Footprint = "PAD.03X.03"; UniqueID = "\FXAYMAPE"
Change component parameters. Clean all parameters for all variants
Change component parameters (AddParameter): Name = "Família"; Value = ""; VariantName = "[No Variations]"
Change component parameters (AddParameter): Name = "Part Number"; Value = ""; VariantName = "[No Variations]"
Change component parameters (AddParameter): Name = "Value"; Value = ""; VariantName = "[No Variations]"
Change component parameters (AddParameter): Name = "Vendor"; Value = ""; VariantName = "[No Variations]"
Change component parameters: Designator = "TP9"; Footprint = "PAD.03X.03"; UniqueID = "\HUHYMPSG"
Change component parameters. Clean all parameters for all variants
Change component parameters (AddParameter): Name = "Família"; Value = ""; VariantName = "[No Variations]"
Change component parameters (AddParameter): Name = "Part Number"; Value = ""; VariantName = "[No Variations]"
Change component parameters (AddParameter): Name = "Value"; Value = ""; VariantName = "[No Variations]"
Change component parameters (AddParameter): Name = "Vendor"; Value = ""; VariantName = "[No Variations]"
Change component parameters: Designator = "TP10"; Footprint = "PAD.03X.03"; UniqueID = "\EFCXQNRE"
Change component parameters. Clean all parameters for all variants
Change component parameters (AddParameter): Name = "Família"; Value = ""; VariantName = "[No Variations]"
Change component parameters (AddParameter): Name = "Part Number"; Value = ""; VariantName = "[No Variations]"
Change component parameters (AddParameter): Name = "Value"; Value = ""; VariantName = "[No Variations]"
Change component parameters (AddParameter): Name = "Vendor"; Value = ""; VariantName = "[No Variations]"
Change component parameters: Designator = "U1"; Footprint = "SOIC8"; UniqueID = "\DMIVKPKQ"
Change component parameters. Clean all parameters for all variants
Change component parameters (AddParameter): Name = "Família"; Value = ""; VariantName = "[No Variations]"
Change component parameters (AddParameter): Name = "Part Number"; Value = "INA828"; VariantName = "[No Variations]"
Change component parameters (AddParameter): Name = "Value"; Value = ""; VariantName = "[No Variations]"
Change component parameters (AddParameter): Name = "Vendor"; Value = "Texas Instrumenta"; VariantName = "[No Variations]"
Change component parameters: Designator = "U2"; Footprint = "SOIC8"; UniqueID = "\IHUYMWKE"
Change component parameters. Clean all parameters for all variants
Change component parameters (AddParameter): Name = "Família"; Value = ""; VariantName = "[No Variations]"
Change component parameters (AddParameter): Name = "Part Number"; Value = ""; VariantName = "[No Variations]"
Change component parameters (AddParameter): Name = "Value"; Value = ""; VariantName = "[No Variations]"
Change component parameters (AddParameter): Name = "Vendor"; Value = ""; VariantName = "[No Variations]"
Change component parameters: Designator = "U3"; Footprint = "SOIC8"; UniqueID = "\IAHZHCRX"
Change component parameters. Clean all parameters for all variants
Change component parameters (AddParameter): Name = "Família"; Value = ""; VariantName = "[No Variations]"
Change component parameters (AddParameter): Name = "Part Number"; Value = ""; VariantName = "[No Variations]"
Change component parameters (AddParameter): Name = "Value"; Value = ""; VariantName = "[No Variations]"
Change component parameters (AddParameter): Name = "Vendor"; Value = ""; VariantName = "[No Variations]"
Change component parameters: Designator = "U4"; Footprint = "SOIC8"; UniqueID = "\TDRAMDZO"
Change component parameters. Clean all parameters for all variants
Change component parameters (AddParameter): Name = "Família"; Value = ""; VariantName = "[No Variations]"
Change component parameters (AddParameter): Name = "Part Number"; Value = "INA828"; VariantName = "[No Variations]"
Change component parameters (AddParameter): Name = "Value"; Value = ""; VariantName = "[No Variations]"
Change component parameters (AddParameter): Name = "Vendor"; Value = "Texas Instrumenta"; VariantName = "[No Variations]"
Change component parameters: Designator = "U5"; Footprint = "SOIC8"; UniqueID = "\BQDRWRIL"
Change component parameters. Clean all parameters for all variants
Change component parameters (AddParameter): Name = "Família"; Value = ""; VariantName = "[No Variations]"
Change component parameters (AddParameter): Name = "Part Number"; Value = ""; VariantName = "[No Variations]"
Change component parameters (AddParameter): Name = "Value"; Value = ""; VariantName = "[No Variations]"
Change component parameters (AddParameter): Name = "Vendor"; Value = ""; VariantName = "[No Variations]"
Change component parameters: Designator = "U6"; Footprint = "SOIC8"; UniqueID = "\URHNVKZC"
Change component parameters. Clean all parameters for all variants
Change component parameters (AddParameter): Name = "Família"; Value = ""; VariantName = "[No Variations]"
Change component parameters (AddParameter): Name = "Part Number"; Value = ""; VariantName = "[No Variations]"
Change component parameters (AddParameter): Name = "Value"; Value = ""; VariantName = "[No Variations]"
Change component parameters (AddParameter): Name = "Vendor"; Value = ""; VariantName = "[No Variations]"
Change component parameters: Designator = "U7"; Footprint = "SOIC8"; UniqueID = "\TRXMRSIH"
Change component parameters. Clean all parameters for all variants
Change component parameters (AddParameter): Name = "Família"; Value = ""; VariantName = "[No Variations]"
Change component parameters (AddParameter): Name = "Part Number"; Value = ""; VariantName = "[No Variations]"
Change component parameters (AddParameter): Name = "Value"; Value = ""; VariantName = "[No Variations]"
Change component parameters (AddParameter): Name = "Vendor"; Value = ""; VariantName = "[No Variations]"
Change component parameters: Designator = "U8"; Footprint = "TO92 - TL431"; UniqueID = "\MGZUDEBE"
Change component parameters. Clean all parameters for all variants
Change component parameters (AddParameter): Name = "Família"; Value = ""; VariantName = "[No Variations]"
Change component parameters (AddParameter): Name = "Part Number"; Value = "TL431"; VariantName = "[No Variations]"
Change component parameters (AddParameter): Name = "Value"; Value = ""; VariantName = "[No Variations]"
Change component parameters (AddParameter): Name = "Vendor"; Value = ""; VariantName = "[No Variations]"
Added Pin To Net: NetName=NetC1_1 Pin=R1-1
Added Pin To Net: NetName=NetC14_1 Pin=R24-1
Added Pin To Net: NetName=NetC1_1 Pin=TRIM1-1
Added Pin To Net: NetName=NetC14_1 Pin=TRIM2-1
