Removed Pin From Net: NetName=+3V3 Pin=J4-1
Removed Pin From Net: NetName=GND Pin=J4-2
Removed Pin From Net: NetName=ADS_SCL Pin=J4-3
Removed Pin From Net: NetName=ADS_SDA Pin=J4-4
Removed Pin From Net: NetName=ADS_ADDR Pin=J4-5
Removed Pin From Net: NetName=ADS_A0 Pin=J4-7
Removed Pin From Net: NetName=ADS_A1 Pin=J4-8
Removed Member From Class: ClassName=EEG_Power_Connector Member=J4
Added Component: Designator=U?(ADS1115 Module - horizontal)
Add component. Clean all parameters for all variants
Add component (AddParameter): Name = "Part Number"; Value = "ADS1115 module"; VariantName = "[No Variations]"
Add component (AddParameter): Name = "Value"; Value = ""; VariantName = "[No Variations]"
Add component (AddParameter): Name = "Vendor"; Value = "Adafruit"; VariantName = "[No Variations]"
Added Pin To Net: NetName=+3V3 Pin=U?-1
Added Pin To Net: NetName=GND Pin=U?-2
Added Pin To Net: NetName=ADS_SCL Pin=U?-3
Added Pin To Net: NetName=ADS_SDA Pin=U?-4
Added Pin To Net: NetName=ADS_ADDR Pin=U?-5
Added Pin To Net: NetName=ADS_A0 Pin=U?-7
Added Pin To Net: NetName=ADS_A1 Pin=U?-8
Added Member To Class: ClassName=EEG_Power_Connector Member=Component U? ADS1115 module
