Removed Pin From Net: NetName=+5V Pin=C33-+
Removed Pin From Net: NetName=VSS Pin=C36-1
Removed Pin From Net: NetName=AGND Pin=C36-2
Removed Pin From Net: NetName=AGND Pin=C37-1
Removed Pin From Net: NetName=VSS Pin=C37-2
Removed Pin From Net: NetName=AGND Pin=C38-1
Removed Pin From Net: NetName=VSS Pin=C38-2
Removed Pin From Net: NetName=AGND Pin=C39-1
Removed Pin From Net: NetName=VSS Pin=C39-2
Removed Pin From Net: NetName=AGND Pin=C49-1
Removed Pin From Net: NetName=VSS Pin=C49-2
Removed Pin From Net: NetName=AGND Pin=C50-1
Removed Pin From Net: NetName=VSS Pin=C50-2
Removed Pin From Net: NetName=AGND Pin=C51-1
Removed Pin From Net: NetName=VSS Pin=C51-2
Removed Pin From Net: NetName=+5V Pin=IC1-6
Removed Pin From Net: NetName=VSS Pin=R49-2
Removed Pin From Net: NetName=VSS Pin=R50-2
Removed Pin From Net: NetName=AGND Pin=R51-2
Removed Pin From Net: NetName=AGND Pin=R52-2
Removed Pin From Net: NetName=+5V Pin=R53-1
Removed Member From Class: ClassName=EEG_Power_Connector_ESP32 Member=C33
Removed Member From Class: ClassName=EEG_Power_Connector_ESP32 Member=C34
Removed Member From Class: ClassName=EEG_Power_Connector_ESP32 Member=C36
Removed Member From Class: ClassName=EEG_Power_Connector_ESP32 Member=C37
Removed Member From Class: ClassName=EEG_Power_Connector_ESP32 Member=C38
Removed Member From Class: ClassName=EEG_Power_Connector_ESP32 Member=C39
Removed Member From Class: ClassName=EEG_Power_Connector_ESP32 Member=C43
Removed Member From Class: ClassName=EEG_Power_Connector_ESP32 Member=C44
Removed Member From Class: ClassName=EEG_Power_Connector_ESP32 Member=C49
Removed Member From Class: ClassName=EEG_Power_Connector_ESP32 Member=C50
Removed Member From Class: ClassName=EEG_Power_Connector_ESP32 Member=C51
Removed Member From Class: ClassName=EEG_Power_Connector_ESP32 Member=D9
Removed Member From Class: ClassName=EEG_Power_Connector_ESP32 Member=IC1
Removed Member From Class: ClassName=EEG_Power_Connector_ESP32 Member=L1
Removed Member From Class: ClassName=EEG_Power_Connector_ESP32 Member=R49
Removed Member From Class: ClassName=EEG_Power_Connector_ESP32 Member=R50
Removed Member From Class: ClassName=EEG_Power_Connector_ESP32 Member=R51
Removed Member From Class: ClassName=EEG_Power_Connector_ESP32 Member=R52
Removed Member From Class: ClassName=EEG_Power_Connector_ESP32 Member=R53
Removed Member From Class: ClassName=EEG_Power_Connector_ESP32 Member=R55
Removed Member From Class: ClassName=EEG_Power_Connector_ESP32 Member=R56
Added Pin To Net: NetName=VSS Pin=A1-4
Added Pin To Net: NetName=VSS Pin=A1-29
Added Pin To Net: NetName=VSS Pin=A2-14
Added Pin To Net: NetName=VSS Pin=A2-15
Added Pin To Net: NetName=VSS Pin=A2-20
Added Pin To Net: NetName=VSS Pin=A2-26
Added Pin To Net: NetName=VSS Pin=A2-34
Added Pin To Net: NetName=VSS Pin=A3-4
Added Pin To Net: NetName=VSS Pin=A4-2
Added Pin To Net: NetName=VSS Pin=C35-1
Added Pin To Net: NetName=AGND Pin=C35-2
Added Pin To Net: NetName=VSS Pin=C55-2
Added Pin To Net: NetName=VSS Pin=C56-2
Added Pin To Net: NetName=AGND Pin=R54-2
Added Pin To Net: NetName=VSS Pin=R58-1
Added Pin To Net: NetName=AGND Pin=U8-1
Added Pin To Net: NetName=VSS Pin=U8-2
Added Pin To Net: NetName=AGND Pin=U8-3
Change Net Name : Old Net Name=AGND New Net Name=2.5Vref
Change Net Name : Old Net Name=VSS New Net Name=GND
